This is pdfTeX, Version 3.141592653-2.6-1.40.24 (MiKTeX 22.1) (preloaded format=pdflatex 2024.7.23)  12 AUG 2024 15:52
entering extended mode
 restricted \write18 enabled.
 file:line:error style messages enabled.
 %&-line parsing enabled.
**/Users/dmitriyivkov/IdeaProjects/tex/PS1/src/main.tex
(/Users/dmitriyivkov/IdeaProjects/tex/PS1/src/main.tex
LaTeX2e <2024-06-01> patch level 2
L3 programming layer <2024-05-27>
(/Users/dmitriyivkov/IdeaProjects/tex/PS1/src/cs20.cls
Document Class: cs20 2024 2.0 (RNN)
\c@Part=\count194
\c@Problem=\count195
\c@Subproblem=\count196
\c@Subsolution=\count197
\c@SubproblemX=\count198
\c@SubsolutionX=\count199

(/Users/dmitriyivkov/Library/Application Support/MiKTeX/texmfs/install/tex/late
x/base/article.cls
Document Class: article 2024/02/08 v1.4n Standard LaTeX document class

(/Users/dmitriyivkov/Library/Application Support/MiKTeX/texmfs/install/tex/late
x/base/size11.clo
File: size11.clo 2024/02/08 v1.4n Standard LaTeX file (size option)
)
\c@part=\count266
\c@section=\count267
\c@subsection=\count268
\c@subsubsection=\count269
\c@paragraph=\count270
\c@subparagraph=\count271
\c@figure=\count272
\c@table=\count273
\abovecaptionskip=\skip49
\belowcaptionskip=\skip50
\bibindent=\dimen141
)
(/Users/dmitriyivkov/Library/Application Support/MiKTeX/texmfs/install/tex/late
x/amsfonts/amssymb.sty
Package: amssymb 2013/01/14 v3.01 AMS font symbols

(/Users/dmitriyivkov/Library/Application Support/MiKTeX/texmfs/install/tex/late
x/amsfonts/amsfonts.sty
Package: amsfonts 2013/01/14 v3.01 Basic AMSFonts support
\@emptytoks=\toks17
\symAMSa=\mathgroup4
\symAMSb=\mathgroup5
LaTeX Font Info:    Redeclaring math symbol \hbar on input line 98.
LaTeX Font Info:    Overwriting math alphabet `\mathfrak' in version `bold'
(Font)                  U/euf/m/n --> U/euf/b/n on input line 106.
))
(/Users/dmitriyivkov/Library/Application Support/MiKTeX/texmfs/install/tex/late
x/graphics/epsfig.sty
Package: epsfig 2024/01/14 v1.7b (e)psfig emulation (SPQR)

(/Users/dmitriyivkov/Library/Application Support/MiKTeX/texmfs/install/tex/late
x/graphics/graphicx.sty
Package: graphicx 2021/09/16 v1.2d Enhanced LaTeX Graphics (DPC,SPQR)

(/Users/dmitriyivkov/Library/Application Support/MiKTeX/texmfs/install/tex/late
x/graphics/keyval.sty
Package: keyval 2022/05/29 v1.15 key=value parser (DPC)
\KV@toks@=\toks18
)
(/Users/dmitriyivkov/Library/Application Support/MiKTeX/texmfs/install/tex/late
x/graphics/graphics.sty
Package: graphics 2024/05/23 v1.4g Standard LaTeX Graphics (DPC,SPQR)

(/Users/dmitriyivkov/Library/Application Support/MiKTeX/texmfs/install/tex/late
x/graphics/trig.sty
Package: trig 2023/12/02 v1.11 sin cos tan (DPC)
)
(/Users/dmitriyivkov/Library/Application Support/MiKTeX/texmfs/install/tex/late
x/graphics-cfg/graphics.cfg
File: graphics.cfg 2016/06/04 v1.11 sample graphics configuration
)
Package graphics Info: Driver file: pdftex.def on input line 106.

(/Users/dmitriyivkov/Library/Application Support/MiKTeX/texmfs/install/tex/late
x/graphics-def/pdftex.def
File: pdftex.def 2024/04/13 v1.2c Graphics/color driver for pdftex
))
\Gin@req@height=\dimen142
\Gin@req@width=\dimen143
)
\epsfxsize=\dimen144
\epsfysize=\dimen145
)
(/Users/dmitriyivkov/Library/Application Support/MiKTeX/texmfs/install/tex/late
x/base/latexsym.sty
Package: latexsym 1998/08/17 v2.2e Standard LaTeX package (lasy symbols)
\symlasy=\mathgroup6
LaTeX Font Info:    Overwriting symbol font `lasy' in version `bold'
(Font)                  U/lasy/m/n --> U/lasy/b/n on input line 52.
)
(/Users/dmitriyivkov/Library/Application Support/MiKTeX/texmfs/install/tex/late
x/base/ifthen.sty
Package: ifthen 2024/03/16 v1.1e Standard LaTeX ifthen package (DPC)
)
(/Users/dmitriyivkov/Library/Application Support/MiKTeX/texmfs/install/tex/late
x/amsmath/amsmath.sty
Package: amsmath 2024/05/23 v2.17q AMS math features
\@mathmargin=\skip51

For additional information on amsmath, use the `?' option.

(/Users/dmitriyivkov/Library/Application Support/MiKTeX/texmfs/install/tex/late
x/amsmath/amstext.sty
Package: amstext 2021/08/26 v2.01 AMS text

(/Users/dmitriyivkov/Library/Application Support/MiKTeX/texmfs/install/tex/late
x/amsmath/amsgen.sty
File: amsgen.sty 1999/11/30 v2.0 generic functions
\@emptytoks=\toks19
\ex@=\dimen146
))
(/Users/dmitriyivkov/Library/Application Support/MiKTeX/texmfs/install/tex/late
x/amsmath/amsbsy.sty
Package: amsbsy 1999/11/29 v1.2d Bold Symbols
\pmbraise@=\dimen147
)
(/Users/dmitriyivkov/Library/Application Support/MiKTeX/texmfs/install/tex/late
x/amsmath/amsopn.sty
Package: amsopn 2022/04/08 v2.04 operator names
)
\inf@bad=\count274
LaTeX Info: Redefining \frac on input line 233.
\uproot@=\count275
\leftroot@=\count276
LaTeX Info: Redefining \overline on input line 398.
LaTeX Info: Redefining \colon on input line 409.
\classnum@=\count277
\DOTSCASE@=\count278
LaTeX Info: Redefining \ldots on input line 495.
LaTeX Info: Redefining \dots on input line 498.
LaTeX Info: Redefining \cdots on input line 619.
\Mathstrutbox@=\box52
\strutbox@=\box53
LaTeX Info: Redefining \big on input line 721.
LaTeX Info: Redefining \Big on input line 722.
LaTeX Info: Redefining \bigg on input line 723.
LaTeX Info: Redefining \Bigg on input line 724.
\big@size=\dimen148
LaTeX Font Info:    Redeclaring font encoding OML on input line 742.
LaTeX Font Info:    Redeclaring font encoding OMS on input line 743.
\macc@depth=\count279
LaTeX Info: Redefining \bmod on input line 904.
LaTeX Info: Redefining \pmod on input line 909.
LaTeX Info: Redefining \smash on input line 939.
LaTeX Info: Redefining \relbar on input line 969.
LaTeX Info: Redefining \Relbar on input line 970.
\c@MaxMatrixCols=\count280
\dotsspace@=\muskip17
\c@parentequation=\count281
\dspbrk@lvl=\count282
\tag@help=\toks20
\row@=\count283
\column@=\count284
\maxfields@=\count285
\andhelp@=\toks21
\eqnshift@=\dimen149
\alignsep@=\dimen150
\tagshift@=\dimen151
\tagwidth@=\dimen152
\totwidth@=\dimen153
\lineht@=\dimen154
\@envbody=\toks22
\multlinegap=\skip52
\multlinetaggap=\skip53
\mathdisplay@stack=\toks23
LaTeX Info: Redefining \[ on input line 2953.
LaTeX Info: Redefining \] on input line 2954.
)
(/Users/dmitriyivkov/Library/Application Support/MiKTeX/texmfs/install/tex/late
x/url/url.sty
\Urlmuskip=\muskip18
Package: url 2013/09/16  ver 3.4  Verb mode for urls, etc.
)
(/Users/dmitriyivkov/Library/Application Support/MiKTeX/texmfs/install/tex/late
x/tools/xspace.sty
Package: xspace 2014/10/28 v1.13 Space after command names (DPC,MH)
))
(/Users/dmitriyivkov/Library/Application Support/MiKTeX/texmfs/install/tex/late
x/tools/enumerate.sty
Package: enumerate 2023/07/04 v3.00 enumerate extensions (DPC)
\@enLab=\toks24
)
(/Users/dmitriyivkov/Library/Application Support/MiKTeX/texmfs/install/tex/late
x/float/float.sty
Package: float 2001/11/08 v1.3d Float enhancements (AL)
\c@float@type=\count286
\float@exts=\toks25
\float@box=\box54
\@float@everytoks=\toks26
\@floatcapt=\box55
)
(/Users/dmitriyivkov/Library/Application Support/MiKTeX/texmfs/install/tex/late
x/pgf/frontendlayer/tikz.sty
(/Users/dmitriyivkov/Library/Application Support/MiKTeX/texmfs/install/tex/late
x/pgf/basiclayer/pgf.sty
(/Users/dmitriyivkov/Library/Application Support/MiKTeX/texmfs/install/tex/late
x/pgf/utilities/pgfrcs.sty
(/Users/dmitriyivkov/Library/Application Support/MiKTeX/texmfs/install/tex/gene
ric/pgf/utilities/pgfutil-common.tex
\pgfutil@everybye=\toks27
\pgfutil@tempdima=\dimen155
\pgfutil@tempdimb=\dimen156
)
(/Users/dmitriyivkov/Library/Application Support/MiKTeX/texmfs/install/tex/gene
ric/pgf/utilities/pgfutil-latex.def
\pgfutil@abb=\box56
)
(/Users/dmitriyivkov/Library/Application Support/MiKTeX/texmfs/install/tex/gene
ric/pgf/utilities/pgfrcs.code.tex
(/Users/dmitriyivkov/Library/Application Support/MiKTeX/texmfs/install/tex/gene
ric/pgf/pgf.revision.tex)
Package: pgfrcs 2023-01-15 v3.1.10 (3.1.10)
))
Package: pgf 2023-01-15 v3.1.10 (3.1.10)

(/Users/dmitriyivkov/Library/Application Support/MiKTeX/texmfs/install/tex/late
x/pgf/basiclayer/pgfcore.sty
(/Users/dmitriyivkov/Library/Application Support/MiKTeX/texmfs/install/tex/late
x/pgf/systemlayer/pgfsys.sty
(/Users/dmitriyivkov/Library/Application Support/MiKTeX/texmfs/install/tex/gene
ric/pgf/systemlayer/pgfsys.code.tex
Package: pgfsys 2023-01-15 v3.1.10 (3.1.10)

(/Users/dmitriyivkov/Library/Application Support/MiKTeX/texmfs/install/tex/gene
ric/pgf/utilities/pgfkeys.code.tex
\pgfkeys@pathtoks=\toks28
\pgfkeys@temptoks=\toks29

(/Users/dmitriyivkov/Library/Application Support/MiKTeX/texmfs/install/tex/gene
ric/pgf/utilities/pgfkeyslibraryfiltered.code.tex
\pgfkeys@tmptoks=\toks30
))
\pgf@x=\dimen157
\pgf@y=\dimen158
\pgf@xa=\dimen159
\pgf@ya=\dimen160
\pgf@xb=\dimen161
\pgf@yb=\dimen162
\pgf@xc=\dimen163
\pgf@yc=\dimen164
\pgf@xd=\dimen165
\pgf@yd=\dimen166
\w@pgf@writea=\write3
\r@pgf@reada=\read2
\c@pgf@counta=\count287
\c@pgf@countb=\count288
\c@pgf@countc=\count289
\c@pgf@countd=\count290
\t@pgf@toka=\toks31
\t@pgf@tokb=\toks32
\t@pgf@tokc=\toks33
\pgf@sys@id@count=\count291

(/Users/dmitriyivkov/Library/Application Support/MiKTeX/texmfs/install/tex/gene
ric/pgf/systemlayer/pgf.cfg
File: pgf.cfg 2023-01-15 v3.1.10 (3.1.10)
)
Driver file for pgf: pgfsys-pdftex.def

(/Users/dmitriyivkov/Library/Application Support/MiKTeX/texmfs/install/tex/gene
ric/pgf/systemlayer/pgfsys-pdftex.def
File: pgfsys-pdftex.def 2023-01-15 v3.1.10 (3.1.10)

(/Users/dmitriyivkov/Library/Application Support/MiKTeX/texmfs/install/tex/gene
ric/pgf/systemlayer/pgfsys-common-pdf.def
File: pgfsys-common-pdf.def 2023-01-15 v3.1.10 (3.1.10)
)))
(/Users/dmitriyivkov/Library/Application Support/MiKTeX/texmfs/install/tex/gene
ric/pgf/systemlayer/pgfsyssoftpath.code.tex
File: pgfsyssoftpath.code.tex 2023-01-15 v3.1.10 (3.1.10)
\pgfsyssoftpath@smallbuffer@items=\count292
\pgfsyssoftpath@bigbuffer@items=\count293
)
(/Users/dmitriyivkov/Library/Application Support/MiKTeX/texmfs/install/tex/gene
ric/pgf/systemlayer/pgfsysprotocol.code.tex
File: pgfsysprotocol.code.tex 2023-01-15 v3.1.10 (3.1.10)
))
(/Users/dmitriyivkov/Library/Application Support/MiKTeX/texmfs/install/tex/late
x/xcolor/xcolor.sty
Package: xcolor 2023/11/15 v3.01 LaTeX color extensions (UK)

(/Users/dmitriyivkov/Library/Application Support/MiKTeX/texmfs/install/tex/late
x/graphics-cfg/color.cfg
File: color.cfg 2016/01/02 v1.6 sample color configuration
)
Package xcolor Info: Driver file: pdftex.def on input line 274.

(/Users/dmitriyivkov/Library/Application Support/MiKTeX/texmfs/install/tex/late
x/graphics/mathcolor.ltx)
Package xcolor Info: Model `cmy' substituted by `cmy0' on input line 1350.
Package xcolor Info: Model `hsb' substituted by `rgb' on input line 1354.
Package xcolor Info: Model `RGB' extended on input line 1366.
Package xcolor Info: Model `HTML' substituted by `rgb' on input line 1368.
Package xcolor Info: Model `Hsb' substituted by `hsb' on input line 1369.
Package xcolor Info: Model `tHsb' substituted by `hsb' on input line 1370.
Package xcolor Info: Model `HSB' substituted by `hsb' on input line 1371.
Package xcolor Info: Model `Gray' substituted by `gray' on input line 1372.
Package xcolor Info: Model `wave' substituted by `hsb' on input line 1373.
)
(/Users/dmitriyivkov/Library/Application Support/MiKTeX/texmfs/install/tex/gene
ric/pgf/basiclayer/pgfcore.code.tex
Package: pgfcore 2023-01-15 v3.1.10 (3.1.10)

(/Users/dmitriyivkov/Library/Application Support/MiKTeX/texmfs/install/tex/gene
ric/pgf/math/pgfmath.code.tex
(/Users/dmitriyivkov/Library/Application Support/MiKTeX/texmfs/install/tex/gene
ric/pgf/math/pgfmathutil.code.tex)
(/Users/dmitriyivkov/Library/Application Support/MiKTeX/texmfs/install/tex/gene
ric/pgf/math/pgfmathparser.code.tex
\pgfmath@dimen=\dimen167
\pgfmath@count=\count294
\pgfmath@box=\box57
\pgfmath@toks=\toks34
\pgfmath@stack@operand=\toks35
\pgfmath@stack@operation=\toks36
)
(/Users/dmitriyivkov/Library/Application Support/MiKTeX/texmfs/install/tex/gene
ric/pgf/math/pgfmathfunctions.code.tex)
(/Users/dmitriyivkov/Library/Application Support/MiKTeX/texmfs/install/tex/gene
ric/pgf/math/pgfmathfunctions.basic.code.tex)
(/Users/dmitriyivkov/Library/Application Support/MiKTeX/texmfs/install/tex/gene
ric/pgf/math/pgfmathfunctions.trigonometric.code.tex)
(/Users/dmitriyivkov/Library/Application Support/MiKTeX/texmfs/install/tex/gene
ric/pgf/math/pgfmathfunctions.random.code.tex)
(/Users/dmitriyivkov/Library/Application Support/MiKTeX/texmfs/install/tex/gene
ric/pgf/math/pgfmathfunctions.comparison.code.tex)
(/Users/dmitriyivkov/Library/Application Support/MiKTeX/texmfs/install/tex/gene
ric/pgf/math/pgfmathfunctions.base.code.tex)
(/Users/dmitriyivkov/Library/Application Support/MiKTeX/texmfs/install/tex/gene
ric/pgf/math/pgfmathfunctions.round.code.tex)
(/Users/dmitriyivkov/Library/Application Support/MiKTeX/texmfs/install/tex/gene
ric/pgf/math/pgfmathfunctions.misc.code.tex)
(/Users/dmitriyivkov/Library/Application Support/MiKTeX/texmfs/install/tex/gene
ric/pgf/math/pgfmathfunctions.integerarithmetics.code.tex)
(/Users/dmitriyivkov/Library/Application Support/MiKTeX/texmfs/install/tex/gene
ric/pgf/math/pgfmathcalc.code.tex)
(/Users/dmitriyivkov/Library/Application Support/MiKTeX/texmfs/install/tex/gene
ric/pgf/math/pgfmathfloat.code.tex
\c@pgfmathroundto@lastzeros=\count295
))
(/Users/dmitriyivkov/Library/Application Support/MiKTeX/texmfs/install/tex/gene
ric/pgf/math/pgfint.code.tex)
(/Users/dmitriyivkov/Library/Application Support/MiKTeX/texmfs/install/tex/gene
ric/pgf/basiclayer/pgfcorepoints.code.tex
File: pgfcorepoints.code.tex 2023-01-15 v3.1.10 (3.1.10)
\pgf@picminx=\dimen168
\pgf@picmaxx=\dimen169
\pgf@picminy=\dimen170
\pgf@picmaxy=\dimen171
\pgf@pathminx=\dimen172
\pgf@pathmaxx=\dimen173
\pgf@pathminy=\dimen174
\pgf@pathmaxy=\dimen175
\pgf@xx=\dimen176
\pgf@xy=\dimen177
\pgf@yx=\dimen178
\pgf@yy=\dimen179
\pgf@zx=\dimen180
\pgf@zy=\dimen181
)
(/Users/dmitriyivkov/Library/Application Support/MiKTeX/texmfs/install/tex/gene
ric/pgf/basiclayer/pgfcorepathconstruct.code.tex
File: pgfcorepathconstruct.code.tex 2023-01-15 v3.1.10 (3.1.10)
\pgf@path@lastx=\dimen182
\pgf@path@lasty=\dimen183
)
(/Users/dmitriyivkov/Library/Application Support/MiKTeX/texmfs/install/tex/gene
ric/pgf/basiclayer/pgfcorepathusage.code.tex
File: pgfcorepathusage.code.tex 2023-01-15 v3.1.10 (3.1.10)
\pgf@shorten@end@additional=\dimen184
\pgf@shorten@start@additional=\dimen185
)
(/Users/dmitriyivkov/Library/Application Support/MiKTeX/texmfs/install/tex/gene
ric/pgf/basiclayer/pgfcorescopes.code.tex
File: pgfcorescopes.code.tex 2023-01-15 v3.1.10 (3.1.10)
\pgfpic=\box58
\pgf@hbox=\box59
\pgf@layerbox@main=\box60
\pgf@picture@serial@count=\count296
)
(/Users/dmitriyivkov/Library/Application Support/MiKTeX/texmfs/install/tex/gene
ric/pgf/basiclayer/pgfcoregraphicstate.code.tex
File: pgfcoregraphicstate.code.tex 2023-01-15 v3.1.10 (3.1.10)
\pgflinewidth=\dimen186
)
(/Users/dmitriyivkov/Library/Application Support/MiKTeX/texmfs/install/tex/gene
ric/pgf/basiclayer/pgfcoretransformations.code.tex
File: pgfcoretransformations.code.tex 2023-01-15 v3.1.10 (3.1.10)
\pgf@pt@x=\dimen187
\pgf@pt@y=\dimen188
\pgf@pt@temp=\dimen189
)
(/Users/dmitriyivkov/Library/Application Support/MiKTeX/texmfs/install/tex/gene
ric/pgf/basiclayer/pgfcorequick.code.tex
File: pgfcorequick.code.tex 2023-01-15 v3.1.10 (3.1.10)
)
(/Users/dmitriyivkov/Library/Application Support/MiKTeX/texmfs/install/tex/gene
ric/pgf/basiclayer/pgfcoreobjects.code.tex
File: pgfcoreobjects.code.tex 2023-01-15 v3.1.10 (3.1.10)
)
(/Users/dmitriyivkov/Library/Application Support/MiKTeX/texmfs/install/tex/gene
ric/pgf/basiclayer/pgfcorepathprocessing.code.tex
File: pgfcorepathprocessing.code.tex 2023-01-15 v3.1.10 (3.1.10)
)
(/Users/dmitriyivkov/Library/Application Support/MiKTeX/texmfs/install/tex/gene
ric/pgf/basiclayer/pgfcorearrows.code.tex
File: pgfcorearrows.code.tex 2023-01-15 v3.1.10 (3.1.10)
\pgfarrowsep=\dimen190
)
(/Users/dmitriyivkov/Library/Application Support/MiKTeX/texmfs/install/tex/gene
ric/pgf/basiclayer/pgfcoreshade.code.tex
File: pgfcoreshade.code.tex 2023-01-15 v3.1.10 (3.1.10)
\pgf@max=\dimen191
\pgf@sys@shading@range@num=\count297
\pgf@shadingcount=\count298
)
(/Users/dmitriyivkov/Library/Application Support/MiKTeX/texmfs/install/tex/gene
ric/pgf/basiclayer/pgfcoreimage.code.tex
File: pgfcoreimage.code.tex 2023-01-15 v3.1.10 (3.1.10)
)
(/Users/dmitriyivkov/Library/Application Support/MiKTeX/texmfs/install/tex/gene
ric/pgf/basiclayer/pgfcoreexternal.code.tex
File: pgfcoreexternal.code.tex 2023-01-15 v3.1.10 (3.1.10)
\pgfexternal@startupbox=\box61
)
(/Users/dmitriyivkov/Library/Application Support/MiKTeX/texmfs/install/tex/gene
ric/pgf/basiclayer/pgfcorelayers.code.tex
File: pgfcorelayers.code.tex 2023-01-15 v3.1.10 (3.1.10)
)
(/Users/dmitriyivkov/Library/Application Support/MiKTeX/texmfs/install/tex/gene
ric/pgf/basiclayer/pgfcoretransparency.code.tex
File: pgfcoretransparency.code.tex 2023-01-15 v3.1.10 (3.1.10)
)
(/Users/dmitriyivkov/Library/Application Support/MiKTeX/texmfs/install/tex/gene
ric/pgf/basiclayer/pgfcorepatterns.code.tex
File: pgfcorepatterns.code.tex 2023-01-15 v3.1.10 (3.1.10)
)
(/Users/dmitriyivkov/Library/Application Support/MiKTeX/texmfs/install/tex/gene
ric/pgf/basiclayer/pgfcorerdf.code.tex
File: pgfcorerdf.code.tex 2023-01-15 v3.1.10 (3.1.10)
)))
(/Users/dmitriyivkov/Library/Application Support/MiKTeX/texmfs/install/tex/gene
ric/pgf/modules/pgfmoduleshapes.code.tex
File: pgfmoduleshapes.code.tex 2023-01-15 v3.1.10 (3.1.10)
\pgfnodeparttextbox=\box62
)
(/Users/dmitriyivkov/Library/Application Support/MiKTeX/texmfs/install/tex/gene
ric/pgf/modules/pgfmoduleplot.code.tex
File: pgfmoduleplot.code.tex 2023-01-15 v3.1.10 (3.1.10)
)
(/Users/dmitriyivkov/Library/Application Support/MiKTeX/texmfs/install/tex/late
x/pgf/compatibility/pgfcomp-version-0-65.sty
Package: pgfcomp-version-0-65 2023-01-15 v3.1.10 (3.1.10)
\pgf@nodesepstart=\dimen192
\pgf@nodesepend=\dimen193
)
(/Users/dmitriyivkov/Library/Application Support/MiKTeX/texmfs/install/tex/late
x/pgf/compatibility/pgfcomp-version-1-18.sty
Package: pgfcomp-version-1-18 2023-01-15 v3.1.10 (3.1.10)
))
(/Users/dmitriyivkov/Library/Application Support/MiKTeX/texmfs/install/tex/late
x/pgf/utilities/pgffor.sty
(/Users/dmitriyivkov/Library/Application Support/MiKTeX/texmfs/install/tex/late
x/pgf/utilities/pgfkeys.sty
(/Users/dmitriyivkov/Library/Application Support/MiKTeX/texmfs/install/tex/gene
ric/pgf/utilities/pgfkeys.code.tex))
(/Users/dmitriyivkov/Library/Application Support/MiKTeX/texmfs/install/tex/late
x/pgf/math/pgfmath.sty
(/Users/dmitriyivkov/Library/Application Support/MiKTeX/texmfs/install/tex/gene
ric/pgf/math/pgfmath.code.tex))
(/Users/dmitriyivkov/Library/Application Support/MiKTeX/texmfs/install/tex/gene
ric/pgf/utilities/pgffor.code.tex
Package: pgffor 2023-01-15 v3.1.10 (3.1.10)
\pgffor@iter=\dimen194
\pgffor@skip=\dimen195
\pgffor@stack=\toks37
\pgffor@toks=\toks38
))
(/Users/dmitriyivkov/Library/Application Support/MiKTeX/texmfs/install/tex/gene
ric/pgf/frontendlayer/tikz/tikz.code.tex
Package: tikz 2023-01-15 v3.1.10 (3.1.10)

(/Users/dmitriyivkov/Library/Application Support/MiKTeX/texmfs/install/tex/gene
ric/pgf/libraries/pgflibraryplothandlers.code.tex
File: pgflibraryplothandlers.code.tex 2023-01-15 v3.1.10 (3.1.10)
\pgf@plot@mark@count=\count299
\pgfplotmarksize=\dimen196
)
\tikz@lastx=\dimen197
\tikz@lasty=\dimen198
\tikz@lastxsaved=\dimen199
\tikz@lastysaved=\dimen256
\tikz@lastmovetox=\dimen257
\tikz@lastmovetoy=\dimen258
\tikzleveldistance=\dimen259
\tikzsiblingdistance=\dimen260
\tikz@figbox=\box63
\tikz@figbox@bg=\box64
\tikz@tempbox=\box65
\tikz@tempbox@bg=\box66
\tikztreelevel=\count300
\tikznumberofchildren=\count301
\tikznumberofcurrentchild=\count302
\tikz@fig@count=\count303

(/Users/dmitriyivkov/Library/Application Support/MiKTeX/texmfs/install/tex/gene
ric/pgf/modules/pgfmodulematrix.code.tex
File: pgfmodulematrix.code.tex 2023-01-15 v3.1.10 (3.1.10)
\pgfmatrixcurrentrow=\count304
\pgfmatrixcurrentcolumn=\count305
\pgf@matrix@numberofcolumns=\count306
)
\tikz@expandcount=\count307

(/Users/dmitriyivkov/Library/Application Support/MiKTeX/texmfs/install/tex/gene
ric/pgf/frontendlayer/tikz/libraries/tikzlibrarytopaths.code.tex
File: tikzlibrarytopaths.code.tex 2023-01-15 v3.1.10 (3.1.10)
)))
(/Users/dmitriyivkov/Library/Application Support/MiKTeX/texmfs/install/tex/late
x/hyperref/hyperref.sty
Package: hyperref 2024-07-10 v7.01j Hypertext links for LaTeX

(/Users/dmitriyivkov/Library/Application Support/MiKTeX/texmfs/install/tex/gene
ric/iftex/iftex.sty
Package: iftex 2022/02/03 v1.0f TeX engine tests
)
(/Users/dmitriyivkov/Library/Application Support/MiKTeX/texmfs/install/tex/late
x/kvsetkeys/kvsetkeys.sty
Package: kvsetkeys 2022-10-05 v1.19 Key value parser (HO)
)
(/Users/dmitriyivkov/Library/Application Support/MiKTeX/texmfs/install/tex/gene
ric/kvdefinekeys/kvdefinekeys.sty
Package: kvdefinekeys 2019-12-19 v1.6 Define keys (HO)
)
(/Users/dmitriyivkov/Library/Application Support/MiKTeX/texmfs/install/tex/gene
ric/pdfescape/pdfescape.sty
Package: pdfescape 2019/12/09 v1.15 Implements pdfTeX's escape features (HO)

(/Users/dmitriyivkov/Library/Application Support/MiKTeX/texmfs/install/tex/gene
ric/ltxcmds/ltxcmds.sty
Package: ltxcmds 2023-12-04 v1.26 LaTeX kernel commands for general use (HO)
)
(/Users/dmitriyivkov/Library/Application Support/MiKTeX/texmfs/install/tex/gene
ric/pdftexcmds/pdftexcmds.sty
Package: pdftexcmds 2020-06-27 v0.33 Utility functions of pdfTeX for LuaTeX (HO
)

(/Users/dmitriyivkov/Library/Application Support/MiKTeX/texmfs/install/tex/gene
ric/infwarerr/infwarerr.sty
Package: infwarerr 2019/12/03 v1.5 Providing info/warning/error messages (HO)
)
Package pdftexcmds Info: \pdf@primitive is available.
Package pdftexcmds Info: \pdf@ifprimitive is available.
Package pdftexcmds Info: \pdfdraftmode found.
))
(/Users/dmitriyivkov/Library/Application Support/MiKTeX/texmfs/install/tex/late
x/hycolor/hycolor.sty
Package: hycolor 2020-01-27 v1.10 Color options for hyperref/bookmark (HO)
)
(/Users/dmitriyivkov/Library/Application Support/MiKTeX/texmfs/install/tex/late
x/hyperref/nameref.sty
Package: nameref 2023-11-26 v2.56 Cross-referencing by name of section

(/Users/dmitriyivkov/Library/Application Support/MiKTeX/texmfs/install/tex/late
x/refcount/refcount.sty
Package: refcount 2019/12/15 v3.6 Data extraction from label references (HO)
)
(/Users/dmitriyivkov/Library/Application Support/MiKTeX/texmfs/install/tex/gene
ric/gettitlestring/gettitlestring.sty
Package: gettitlestring 2019/12/15 v1.6 Cleanup title references (HO)

(/Users/dmitriyivkov/Library/Application Support/MiKTeX/texmfs/install/tex/late
x/kvoptions/kvoptions.sty
Package: kvoptions 2022-06-15 v3.15 Key value format for package options (HO)
))
\c@section@level=\count308
)
(/Users/dmitriyivkov/Library/Application Support/MiKTeX/texmfs/install/tex/late
x/etoolbox/etoolbox.sty
Package: etoolbox 2020/10/05 v2.5k e-TeX tools for LaTeX (JAW)
\etb@tempcnta=\count309
)
(/Users/dmitriyivkov/Library/Application Support/MiKTeX/texmfs/install/tex/gene
ric/stringenc/stringenc.sty
Package: stringenc 2019/11/29 v1.12 Convert strings between diff. encodings (HO
)
)
\@linkdim=\dimen261
\Hy@linkcounter=\count310
\Hy@pagecounter=\count311

(/Users/dmitriyivkov/Library/Application Support/MiKTeX/texmfs/install/tex/late
x/hyperref/pd1enc.def
File: pd1enc.def 2024-07-10 v7.01j Hyperref: PDFDocEncoding definition (HO)
Now handling font encoding PD1 ...
... no UTF-8 mapping file for font encoding PD1
)
(/Users/dmitriyivkov/Library/Application Support/MiKTeX/texmfs/install/tex/gene
ric/intcalc/intcalc.sty
Package: intcalc 2019/12/15 v1.3 Expandable calculations with integers (HO)
)
\Hy@SavedSpaceFactor=\count312

(/Users/dmitriyivkov/Library/Application Support/MiKTeX/texmfs/install/tex/late
x/hyperref/puenc.def
File: puenc.def 2024-07-10 v7.01j Hyperref: PDF Unicode definition (HO)
Now handling font encoding PU ...
... no UTF-8 mapping file for font encoding PU
)
Package hyperref Info: Hyper figures OFF on input line 4157.
Package hyperref Info: Link nesting OFF on input line 4162.
Package hyperref Info: Hyper index ON on input line 4165.
Package hyperref Info: Plain pages OFF on input line 4172.
Package hyperref Info: Backreferencing OFF on input line 4177.
Package hyperref Info: Implicit mode ON; LaTeX internals redefined.
Package hyperref Info: Bookmarks ON on input line 4424.
\c@Hy@tempcnt=\count313
LaTeX Info: Redefining \url on input line 4763.
\XeTeXLinkMargin=\dimen262

(/Users/dmitriyivkov/Library/Application Support/MiKTeX/texmfs/install/tex/gene
ric/bitset/bitset.sty
Package: bitset 2019/12/09 v1.3 Handle bit-vector datatype (HO)

(/Users/dmitriyivkov/Library/Application Support/MiKTeX/texmfs/install/tex/gene
ric/bigintcalc/bigintcalc.sty
Package: bigintcalc 2019/12/15 v1.5 Expandable calculations on big integers (HO
)
))
\Fld@menulength=\count314
\Field@Width=\dimen263
\Fld@charsize=\dimen264
Package hyperref Info: Hyper figures OFF on input line 6042.
Package hyperref Info: Link nesting OFF on input line 6047.
Package hyperref Info: Hyper index ON on input line 6050.
Package hyperref Info: backreferencing OFF on input line 6057.
Package hyperref Info: Link coloring OFF on input line 6062.
Package hyperref Info: Link coloring with OCG OFF on input line 6067.
Package hyperref Info: PDF/A mode OFF on input line 6072.

(/Users/dmitriyivkov/Library/Application Support/MiKTeX/texmfs/install/tex/late
x/base/atbegshi-ltx.sty
Package: atbegshi-ltx 2021/01/10 v1.0c Emulation of the original atbegshi
package with kernel methods
)
\Hy@abspage=\count315
\c@Item=\count316
\c@Hfootnote=\count317
)
Package hyperref Info: Driver (autodetected): hpdftex.

(/Users/dmitriyivkov/Library/Application Support/MiKTeX/texmfs/install/tex/late
x/hyperref/hpdftex.def
File: hpdftex.def 2024-07-10 v7.01j Hyperref driver for pdfTeX

(/Users/dmitriyivkov/Library/Application Support/MiKTeX/texmfs/install/tex/late
x/base/atveryend-ltx.sty
Package: atveryend-ltx 2020/08/19 v1.0a Emulation of the original atveryend pac
kage
with kernel methods
)
\Fld@listcount=\count318
\c@bookmark@seq@number=\count319

(/Users/dmitriyivkov/Library/Application Support/MiKTeX/texmfs/install/tex/late
x/rerunfilecheck/rerunfilecheck.sty
Package: rerunfilecheck 2022-07-10 v1.10 Rerun checks for auxiliary files (HO)

(/Users/dmitriyivkov/Library/Application Support/MiKTeX/texmfs/install/tex/gene
ric/uniquecounter/uniquecounter.sty
Package: uniquecounter 2019/12/15 v1.4 Provide unlimited unique counter (HO)
)
Package uniquecounter Info: New unique counter `rerunfilecheck' on input line 2
85.
)
\Hy@SectionHShift=\skip54
)
(/Users/dmitriyivkov/Library/Application Support/MiKTeX/texmfs/install/tex/late
x/fitch/fitch.sty
Package: fitch 2023-12-17 v1.0 Macros for Fitch-style natural deduction
\nd@dim=\skip55
\nd@ctr=\count320
\nd@n=\count321
)
(/Users/dmitriyivkov/Library/Application Support/MiKTeX/texmfs/install/tex/late
x/l3backend/l3backend-pdftex.def
File: l3backend-pdftex.def 2024-05-08 L3 backend support: PDF output (pdfTeX)
\l__color_backend_stack_int=\count322
\l__pdf_internal_box=\box67
)
(/Users/dmitriyivkov/IdeaProjects/tex/PS1/out/main.aux

LaTeX Warning: Label `tab:my_label' multiply defined.

)
\openout1 = `main.aux'.

LaTeX Font Info:    Checking defaults for OML/cmm/m/it on input line 9.
LaTeX Font Info:    ... okay on input line 9.
LaTeX Font Info:    Checking defaults for OMS/cmsy/m/n on input line 9.
LaTeX Font Info:    ... okay on input line 9.
LaTeX Font Info:    Checking defaults for OT1/cmr/m/n on input line 9.
LaTeX Font Info:    ... okay on input line 9.
LaTeX Font Info:    Checking defaults for T1/cmr/m/n on input line 9.
LaTeX Font Info:    ... okay on input line 9.
LaTeX Font Info:    Checking defaults for TS1/cmr/m/n on input line 9.
LaTeX Font Info:    ... okay on input line 9.
LaTeX Font Info:    Checking defaults for OMX/cmex/m/n on input line 9.
LaTeX Font Info:    ... okay on input line 9.
LaTeX Font Info:    Checking defaults for U/cmr/m/n on input line 9.
LaTeX Font Info:    ... okay on input line 9.
LaTeX Font Info:    Checking defaults for PD1/pdf/m/n on input line 9.
LaTeX Font Info:    ... okay on input line 9.
LaTeX Font Info:    Checking defaults for PU/pdf/m/n on input line 9.
LaTeX Font Info:    ... okay on input line 9.

(/Users/dmitriyivkov/Library/Application Support/MiKTeX/texmfs/install/tex/cont
ext/base/mkii/supp-pdf.mkii
[Loading MPS to PDF converter (version 2006.09.02).]
\scratchcounter=\count323
\scratchdimen=\dimen265
\scratchbox=\box68
\nofMPsegments=\count324
\nofMParguments=\count325
\everyMPshowfont=\toks39
\MPscratchCnt=\count326
\MPscratchDim=\dimen266
\MPnumerator=\count327
\makeMPintoPDFobject=\count328
\everyMPtoPDFconversion=\toks40
)
(/Users/dmitriyivkov/Library/Application Support/MiKTeX/texmfs/install/tex/late
x/epstopdf-pkg/epstopdf-base.sty
Package: epstopdf-base 2020-01-24 v2.11 Base part for package epstopdf
Package epstopdf-base Info: Redefining graphics rule for `.eps' on input line 4
85.

(/Users/dmitriyivkov/Library/Application Support/MiKTeX/texmfs/install/tex/late
x/00miktex/epstopdf-sys.cfg
File: epstopdf-sys.cfg 2021/03/18 v2.0 Configuration of epstopdf for MiKTeX
))
Package hyperref Info: Link coloring OFF on input line 9.

(/Users/dmitriyivkov/IdeaProjects/tex/PS1/out/main.out)
(/Users/dmitriyivkov/IdeaProjects/tex/PS1/out/main.out)
\@outlinefile=\write4
\openout4 = `main.out'.

LaTeX Font Info:    Trying to load font information for U+msa on input line 17.


(/Users/dmitriyivkov/Library/Application Support/MiKTeX/texmfs/install/tex/late
x/amsfonts/umsa.fd
File: umsa.fd 2013/01/14 v3.01 AMS symbols A
)
LaTeX Font Info:    Trying to load font information for U+msb on input line 17.


(/Users/dmitriyivkov/Library/Application Support/MiKTeX/texmfs/install/tex/late
x/amsfonts/umsb.fd
File: umsb.fd 2013/01/14 v3.01 AMS symbols B
)
LaTeX Font Info:    Trying to load font information for U+lasy on input line 17
.

(/Users/dmitriyivkov/Library/Application Support/MiKTeX/texmfs/install/tex/late
x/base/ulasy.fd
File: ulasy.fd 1998/08/17 v2.2e LaTeX symbol font definitions
)

LaTeX Font Warning: Font shape `OT1/cmss/m/sc' in size <10> not available
(Font)              Font shape `OT1/cmr/m/sc' tried instead on input line 25.

LaTeX Font Info:    Font shape `OT1/cmss/m/it' in size <10> not available
(Font)              Font shape `OT1/cmss/m/sl' tried instead on input line 25.

Underfull \hbox (badness 10000) in paragraph at lines 24--26

 []


Underfull \hbox (badness 10000) in paragraph at lines 35--43

 []


Underfull \hbox (badness 10000) in paragraph at lines 44--50

 []


Underfull \hbox (badness 10000) in paragraph at lines 51--58

 []



[1

{/Users/dmitriyivkov/Library/Application Support/MiKTeX/texmfs/data/fonts/map/p
dftex/pdftex.map}]
Underfull \hbox (badness 10000) in paragraph at lines 62--63

 []


Underfull \hbox (badness 10000) in paragraph at lines 73--80

 []



[2]
Underfull \hbox (badness 10000) in paragraph at lines 90--100

 []


Underfull \hbox (badness 10000) in paragraph at lines 101--109

 []



[3]

[4]
Underfull \hbox (badness 10000) in paragraph at lines 136--137

 []


LaTeX Warning: File `solution-6.png' not found on input line 141.


/Users/dmitriyivkov/IdeaProjects/tex/PS1/src/main.tex:141: Package pdftex.def E
rror: File `solution-6.png' not found: using draft setting.

See the pdftex.def package documentation for explanation.
Type  H <return>  for immediate help.
 ...                                              
                                                  
l.141 ...hics[width=0.5\textwidth]{solution-6.png}
                                                  
Try typing  <return>  to proceed.
If that doesn't work, type  X <return>  to quit.


Underfull \hbox (badness 10000) in paragraph at lines 138--142

 []



[5]

LaTeX Warning: File `problem7.png' not found on input line 163.


/Users/dmitriyivkov/IdeaProjects/tex/PS1/src/main.tex:163: Package pdftex.def E
rror: File `problem7.png' not found: using draft setting.

See the pdftex.def package documentation for explanation.
Type  H <return>  for immediate help.
 ...                                              
                                                  
l.163 ...graphics[width=1\linewidth]{problem7.png}
                                                  
Try typing  <return>  to proceed.
If that doesn't work, type  X <return>  to quit.



[6]

[7]

[8] (/Users/dmitriyivkov/IdeaProjects/tex/PS1/out/main.aux)
 ***********
LaTeX2e <2024-06-01> patch level 2
L3 programming layer <2024-05-27>
 ***********


LaTeX Warning: There were multiply-defined labels.

Package rerunfilecheck Info: File `main.out' has not changed.
(rerunfilecheck)             Checksum: D41D8CD98F00B204E9800998ECF8427E;0.
 ) 
Here is how much of TeX's memory you used:
 20742 strings out of 475838
 393052 string characters out of 5775692
 1946905 words of memory out of 5000000
 43012 multiletter control sequences out of 15000+600000
 563939 words of font info for 60 fonts, out of 8000000 for 9000
 0 hyphenation exceptions out of 8191
 87i,7n,93p,610b,640s stack positions out of 10000i,1000n,20000p,200000b,200000s
</Users/dmitriyivkov/Library/Application Support/MiKTeX/texmfs/install/fonts/
type1/public/amsfonts/cm/cmbx10.pfb></Users/dmitriyivkov/Library/Application Su
pport/MiKTeX/texmfs/install/fonts/type1/public/amsfonts/cm/cmbx12.pfb></Users/d
mitriyivkov/Library/Application Support/MiKTeX/texmfs/install/fonts/type1/publi
c/amsfonts/cm/cmcsc10.pfb></Users/dmitriyivkov/Library/Application Support/MiKT
eX/texmfs/install/fonts/type1/public/amsfonts/cm/cmex10.pfb></Users/dmitriyivko
v/Library/Application Support/MiKTeX/texmfs/install/fonts/type1/public/amsfonts
/cm/cmmi10.pfb></Users/dmitriyivkov/Library/Application Support/MiKTeX/texmfs/i
nstall/fonts/type1/public/amsfonts/cm/cmmi7.pfb></Users/dmitriyivkov/Library/Ap
plication Support/MiKTeX/texmfs/install/fonts/type1/public/amsfonts/cm/cmr10.pf
b></Users/dmitriyivkov/Library/Application Support/MiKTeX/texmfs/install/fonts/
type1/public/amsfonts/cm/cmr7.pfb></Users/dmitriyivkov/Library/Application Supp
ort/MiKTeX/texmfs/install/fonts/type1/public/amsfonts/cm/cmss10.pfb></Users/dmi
triyivkov/Library/Application Support/MiKTeX/texmfs/install/fonts/type1/public/
amsfonts/cm/cmssi10.pfb></Users/dmitriyivkov/Library/Application Support/MiKTeX
/texmfs/install/fonts/type1/public/amsfonts/cm/cmsy10.pfb></Users/dmitriyivkov/
Library/Application Support/MiKTeX/texmfs/install/fonts/type1/public/amsfonts/c
m/cmtt10.pfb>
Output written on /Users/dmitriyivkov/IdeaProjects/tex/PS1/out/main.pdf (8 page
s, 151853 bytes).
PDF statistics:
 106 PDF objects out of 1000 (max. 8388607)
 9 named destinations out of 1000 (max. 500000)
 13 words of extra memory for PDF output out of 10000 (max. 10000000)

