This is pdfTeX, Version 3.141592653-2.6-1.40.24 (MiKTeX 22.1) (preloaded format=pdflatex 2024.7.23)  12 AUG 2024 15:56
entering extended mode
 restricted \write18 enabled.
 file:line:error style messages enabled.
 %&-line parsing enabled.
**./main.tex
(main.tex
LaTeX2e <2024-06-01> patch level 2
L3 programming layer <2024-05-27>
(cs20.cls
Document Class: cs20 2024 2.0 (RNN)
\c@Part=\count194
\c@Problem=\count195
\c@Subproblem=\count196
\c@Subsolution=\count197
\c@SubproblemX=\count198
\c@SubsolutionX=\count199

(/Users/dmitriyivkov/Library/Application Support/MiKTeX/texmfs/install/tex/late
x/base/article.cls
Document Class: article 2024/02/08 v1.4n Standard LaTeX document class

(/Users/dmitriyivkov/Library/Application Support/MiKTeX/texmfs/install/tex/late
x/base/size11.clo
File: size11.clo 2024/02/08 v1.4n Standard LaTeX file (size option)
)
\c@part=\count266
\c@section=\count267
\c@subsection=\count268
\c@subsubsection=\count269
\c@paragraph=\count270
\c@subparagraph=\count271
\c@figure=\count272
\c@table=\count273
\abovecaptionskip=\skip49
\belowcaptionskip=\skip50
\bibindent=\dimen141
)
(/Users/dmitriyivkov/Library/Application Support/MiKTeX/texmfs/install/tex/late
x/amsfonts/amssymb.sty
Package: amssymb 2013/01/14 v3.01 AMS font symbols

(/Users/dmitriyivkov/Library/Application Support/MiKTeX/texmfs/install/tex/late
x/amsfonts/amsfonts.sty
Package: amsfonts 2013/01/14 v3.01 Basic AMSFonts support
\@emptytoks=\toks17
\symAMSa=\mathgroup4
\symAMSb=\mathgroup5
LaTeX Font Info:    Redeclaring math symbol \hbar on input line 98.
LaTeX Font Info:    Overwriting math alphabet `\mathfrak' in version `bold'
(Font)                  U/euf/m/n --> U/euf/b/n on input line 106.
))
(/Users/dmitriyivkov/Library/Application Support/MiKTeX/texmfs/install/tex/late
x/graphics/epsfig.sty
Package: epsfig 2024/01/14 v1.7b (e)psfig emulation (SPQR)

(/Users/dmitriyivkov/Library/Application Support/MiKTeX/texmfs/install/tex/late
x/graphics/graphicx.sty
Package: graphicx 2021/09/16 v1.2d Enhanced LaTeX Graphics (DPC,SPQR)

(/Users/dmitriyivkov/Library/Application Support/MiKTeX/texmfs/install/tex/late
x/graphics/keyval.sty
Package: keyval 2022/05/29 v1.15 key=value parser (DPC)
\KV@toks@=\toks18
)
(/Users/dmitriyivkov/Library/Application Support/MiKTeX/texmfs/install/tex/late
x/graphics/graphics.sty
Package: graphics 2024/05/23 v1.4g Standard LaTeX Graphics (DPC,SPQR)

(/Users/dmitriyivkov/Library/Application Support/MiKTeX/texmfs/install/tex/late
x/graphics/trig.sty
Package: trig 2023/12/02 v1.11 sin cos tan (DPC)
)
(/Users/dmitriyivkov/Library/Application Support/MiKTeX/texmfs/install/tex/late
x/graphics-cfg/graphics.cfg
File: graphics.cfg 2016/06/04 v1.11 sample graphics configuration
)
Package graphics Info: Driver file: pdftex.def on input line 106.

(/Users/dmitriyivkov/Library/Application Support/MiKTeX/texmfs/install/tex/late
x/graphics-def/pdftex.def
File: pdftex.def 2024/04/13 v1.2c Graphics/color driver for pdftex
))
\Gin@req@height=\dimen142
\Gin@req@width=\dimen143
)
\epsfxsize=\dimen144
\epsfysize=\dimen145
)
(/Users/dmitriyivkov/Library/Application Support/MiKTeX/texmfs/install/tex/late
x/base/latexsym.sty
Package: latexsym 1998/08/17 v2.2e Standard LaTeX package (lasy symbols)
\symlasy=\mathgroup6
LaTeX Font Info:    Overwriting symbol font `lasy' in version `bold'
(Font)                  U/lasy/m/n --> U/lasy/b/n on input line 52.
)
(/Users/dmitriyivkov/Library/Application Support/MiKTeX/texmfs/install/tex/late
x/base/ifthen.sty
Package: ifthen 2024/03/16 v1.1e Standard LaTeX ifthen package (DPC)
)
(/Users/dmitriyivkov/Library/Application Support/MiKTeX/texmfs/install/tex/late
x/amsmath/amsmath.sty
Package: amsmath 2024/05/23 v2.17q AMS math features
\@mathmargin=\skip51

For additional information on amsmath, use the `?' option.

(/Users/dmitriyivkov/Library/Application Support/MiKTeX/texmfs/install/tex/late
x/amsmath/amstext.sty
Package: amstext 2021/08/26 v2.01 AMS text

(/Users/dmitriyivkov/Library/Application Support/MiKTeX/texmfs/install/tex/late
x/amsmath/amsgen.sty
File: amsgen.sty 1999/11/30 v2.0 generic functions
\@emptytoks=\toks19
\ex@=\dimen146
))
(/Users/dmitriyivkov/Library/Application Support/MiKTeX/texmfs/install/tex/late
x/amsmath/amsbsy.sty
Package: amsbsy 1999/11/29 v1.2d Bold Symbols
\pmbraise@=\dimen147
)
(/Users/dmitriyivkov/Library/Application Support/MiKTeX/texmfs/install/tex/late
x/amsmath/amsopn.sty
Package: amsopn 2022/04/08 v2.04 operator names
)
\inf@bad=\count274
LaTeX Info: Redefining \frac on input line 233.
\uproot@=\count275
\leftroot@=\count276
LaTeX Info: Redefining \overline on input line 398.
LaTeX Info: Redefining \colon on input line 409.
\classnum@=\count277
\DOTSCASE@=\count278
LaTeX Info: Redefining \ldots on input line 495.
LaTeX Info: Redefining \dots on input line 498.
LaTeX Info: Redefining \cdots on input line 619.
\Mathstrutbox@=\box52
\strutbox@=\box53
LaTeX Info: Redefining \big on input line 721.
LaTeX Info: Redefining \Big on input line 722.
LaTeX Info: Redefining \bigg on input line 723.
LaTeX Info: Redefining \Bigg on input line 724.
\big@size=\dimen148
LaTeX Font Info:    Redeclaring font encoding OML on input line 742.
LaTeX Font Info:    Redeclaring font encoding OMS on input line 743.
\macc@depth=\count279
LaTeX Info: Redefining \bmod on input line 904.
LaTeX Info: Redefining \pmod on input line 909.
LaTeX Info: Redefining \smash on input line 939.
LaTeX Info: Redefining \relbar on input line 969.
LaTeX Info: Redefining \Relbar on input line 970.
\c@MaxMatrixCols=\count280
\dotsspace@=\muskip17
\c@parentequation=\count281
\dspbrk@lvl=\count282
\tag@help=\toks20
\row@=\count283
\column@=\count284
\maxfields@=\count285
\andhelp@=\toks21
\eqnshift@=\dimen149
\alignsep@=\dimen150
\tagshift@=\dimen151
\tagwidth@=\dimen152
\totwidth@=\dimen153
\lineht@=\dimen154
\@envbody=\toks22
\multlinegap=\skip52
\multlinetaggap=\skip53
\mathdisplay@stack=\toks23
LaTeX Info: Redefining \[ on input line 2953.
LaTeX Info: Redefining \] on input line 2954.
)
(/Users/dmitriyivkov/Library/Application Support/MiKTeX/texmfs/install/tex/late
x/url/url.sty
\Urlmuskip=\muskip18
Package: url 2013/09/16  ver 3.4  Verb mode for urls, etc.
)
(/Users/dmitriyivkov/Library/Application Support/MiKTeX/texmfs/install/tex/late
x/tools/xspace.sty
Package: xspace 2014/10/28 v1.13 Space after command names (DPC,MH)
))
(/Users/dmitriyivkov/Library/Application Support/MiKTeX/texmfs/install/tex/late
x/tools/enumerate.sty
Package: enumerate 2023/07/04 v3.00 enumerate extensions (DPC)
\@enLab=\toks24
)
(/Users/dmitriyivkov/Library/Application Support/MiKTeX/texmfs/install/tex/late
x/pgf/frontendlayer/tikz.sty
(/Users/dmitriyivkov/Library/Application Support/MiKTeX/texmfs/install/tex/late
x/pgf/basiclayer/pgf.sty
(/Users/dmitriyivkov/Library/Application Support/MiKTeX/texmfs/install/tex/late
x/pgf/utilities/pgfrcs.sty
(/Users/dmitriyivkov/Library/Application Support/MiKTeX/texmfs/install/tex/gene
ric/pgf/utilities/pgfutil-common.tex
\pgfutil@everybye=\toks25
\pgfutil@tempdima=\dimen155
\pgfutil@tempdimb=\dimen156
)
(/Users/dmitriyivkov/Library/Application Support/MiKTeX/texmfs/install/tex/gene
ric/pgf/utilities/pgfutil-latex.def
\pgfutil@abb=\box54
)
(/Users/dmitriyivkov/Library/Application Support/MiKTeX/texmfs/install/tex/gene
ric/pgf/utilities/pgfrcs.code.tex
(/Users/dmitriyivkov/Library/Application Support/MiKTeX/texmfs/install/tex/gene
ric/pgf/pgf.revision.tex)
Package: pgfrcs 2023-01-15 v3.1.10 (3.1.10)
))
Package: pgf 2023-01-15 v3.1.10 (3.1.10)

(/Users/dmitriyivkov/Library/Application Support/MiKTeX/texmfs/install/tex/late
x/pgf/basiclayer/pgfcore.sty
(/Users/dmitriyivkov/Library/Application Support/MiKTeX/texmfs/install/tex/late
x/pgf/systemlayer/pgfsys.sty
(/Users/dmitriyivkov/Library/Application Support/MiKTeX/texmfs/install/tex/gene
ric/pgf/systemlayer/pgfsys.code.tex
Package: pgfsys 2023-01-15 v3.1.10 (3.1.10)

(/Users/dmitriyivkov/Library/Application Support/MiKTeX/texmfs/install/tex/gene
ric/pgf/utilities/pgfkeys.code.tex
\pgfkeys@pathtoks=\toks26
\pgfkeys@temptoks=\toks27

(/Users/dmitriyivkov/Library/Application Support/MiKTeX/texmfs/install/tex/gene
ric/pgf/utilities/pgfkeyslibraryfiltered.code.tex
\pgfkeys@tmptoks=\toks28
))
\pgf@x=\dimen157
\pgf@y=\dimen158
\pgf@xa=\dimen159
\pgf@ya=\dimen160
\pgf@xb=\dimen161
\pgf@yb=\dimen162
\pgf@xc=\dimen163
\pgf@yc=\dimen164
\pgf@xd=\dimen165
\pgf@yd=\dimen166
\w@pgf@writea=\write3
\r@pgf@reada=\read2
\c@pgf@counta=\count286
\c@pgf@countb=\count287
\c@pgf@countc=\count288
\c@pgf@countd=\count289
\t@pgf@toka=\toks29
\t@pgf@tokb=\toks30
\t@pgf@tokc=\toks31
\pgf@sys@id@count=\count290

(/Users/dmitriyivkov/Library/Application Support/MiKTeX/texmfs/install/tex/gene
ric/pgf/systemlayer/pgf.cfg
File: pgf.cfg 2023-01-15 v3.1.10 (3.1.10)
)
Driver file for pgf: pgfsys-pdftex.def

(/Users/dmitriyivkov/Library/Application Support/MiKTeX/texmfs/install/tex/gene
ric/pgf/systemlayer/pgfsys-pdftex.def
File: pgfsys-pdftex.def 2023-01-15 v3.1.10 (3.1.10)

(/Users/dmitriyivkov/Library/Application Support/MiKTeX/texmfs/install/tex/gene
ric/pgf/systemlayer/pgfsys-common-pdf.def
File: pgfsys-common-pdf.def 2023-01-15 v3.1.10 (3.1.10)
)))
(/Users/dmitriyivkov/Library/Application Support/MiKTeX/texmfs/install/tex/gene
ric/pgf/systemlayer/pgfsyssoftpath.code.tex
File: pgfsyssoftpath.code.tex 2023-01-15 v3.1.10 (3.1.10)
\pgfsyssoftpath@smallbuffer@items=\count291
\pgfsyssoftpath@bigbuffer@items=\count292
)
(/Users/dmitriyivkov/Library/Application Support/MiKTeX/texmfs/install/tex/gene
ric/pgf/systemlayer/pgfsysprotocol.code.tex
File: pgfsysprotocol.code.tex 2023-01-15 v3.1.10 (3.1.10)
))
(/Users/dmitriyivkov/Library/Application Support/MiKTeX/texmfs/install/tex/late
x/xcolor/xcolor.sty
Package: xcolor 2023/11/15 v3.01 LaTeX color extensions (UK)

(/Users/dmitriyivkov/Library/Application Support/MiKTeX/texmfs/install/tex/late
x/graphics-cfg/color.cfg
File: color.cfg 2016/01/02 v1.6 sample color configuration
)
Package xcolor Info: Driver file: pdftex.def on input line 274.

(/Users/dmitriyivkov/Library/Application Support/MiKTeX/texmfs/install/tex/late
x/graphics/mathcolor.ltx)
Package xcolor Info: Model `cmy' substituted by `cmy0' on input line 1350.
Package xcolor Info: Model `hsb' substituted by `rgb' on input line 1354.
Package xcolor Info: Model `RGB' extended on input line 1366.
Package xcolor Info: Model `HTML' substituted by `rgb' on input line 1368.
Package xcolor Info: Model `Hsb' substituted by `hsb' on input line 1369.
Package xcolor Info: Model `tHsb' substituted by `hsb' on input line 1370.
Package xcolor Info: Model `HSB' substituted by `hsb' on input line 1371.
Package xcolor Info: Model `Gray' substituted by `gray' on input line 1372.
Package xcolor Info: Model `wave' substituted by `hsb' on input line 1373.
)
(/Users/dmitriyivkov/Library/Application Support/MiKTeX/texmfs/install/tex/gene
ric/pgf/basiclayer/pgfcore.code.tex
Package: pgfcore 2023-01-15 v3.1.10 (3.1.10)

(/Users/dmitriyivkov/Library/Application Support/MiKTeX/texmfs/install/tex/gene
ric/pgf/math/pgfmath.code.tex
(/Users/dmitriyivkov/Library/Application Support/MiKTeX/texmfs/install/tex/gene
ric/pgf/math/pgfmathutil.code.tex)
(/Users/dmitriyivkov/Library/Application Support/MiKTeX/texmfs/install/tex/gene
ric/pgf/math/pgfmathparser.code.tex
\pgfmath@dimen=\dimen167
\pgfmath@count=\count293
\pgfmath@box=\box55
\pgfmath@toks=\toks32
\pgfmath@stack@operand=\toks33
\pgfmath@stack@operation=\toks34
)
(/Users/dmitriyivkov/Library/Application Support/MiKTeX/texmfs/install/tex/gene
ric/pgf/math/pgfmathfunctions.code.tex)
(/Users/dmitriyivkov/Library/Application Support/MiKTeX/texmfs/install/tex/gene
ric/pgf/math/pgfmathfunctions.basic.code.tex)
(/Users/dmitriyivkov/Library/Application Support/MiKTeX/texmfs/install/tex/gene
ric/pgf/math/pgfmathfunctions.trigonometric.code.tex)
(/Users/dmitriyivkov/Library/Application Support/MiKTeX/texmfs/install/tex/gene
ric/pgf/math/pgfmathfunctions.random.code.tex)
(/Users/dmitriyivkov/Library/Application Support/MiKTeX/texmfs/install/tex/gene
ric/pgf/math/pgfmathfunctions.comparison.code.tex)
(/Users/dmitriyivkov/Library/Application Support/MiKTeX/texmfs/install/tex/gene
ric/pgf/math/pgfmathfunctions.base.code.tex)
(/Users/dmitriyivkov/Library/Application Support/MiKTeX/texmfs/install/tex/gene
ric/pgf/math/pgfmathfunctions.round.code.tex)
(/Users/dmitriyivkov/Library/Application Support/MiKTeX/texmfs/install/tex/gene
ric/pgf/math/pgfmathfunctions.misc.code.tex)
(/Users/dmitriyivkov/Library/Application Support/MiKTeX/texmfs/install/tex/gene
ric/pgf/math/pgfmathfunctions.integerarithmetics.code.tex)
(/Users/dmitriyivkov/Library/Application Support/MiKTeX/texmfs/install/tex/gene
ric/pgf/math/pgfmathcalc.code.tex)
(/Users/dmitriyivkov/Library/Application Support/MiKTeX/texmfs/install/tex/gene
ric/pgf/math/pgfmathfloat.code.tex
\c@pgfmathroundto@lastzeros=\count294
))
(/Users/dmitriyivkov/Library/Application Support/MiKTeX/texmfs/install/tex/gene
ric/pgf/math/pgfint.code.tex)
(/Users/dmitriyivkov/Library/Application Support/MiKTeX/texmfs/install/tex/gene
ric/pgf/basiclayer/pgfcorepoints.code.tex
File: pgfcorepoints.code.tex 2023-01-15 v3.1.10 (3.1.10)
\pgf@picminx=\dimen168
\pgf@picmaxx=\dimen169
\pgf@picminy=\dimen170
\pgf@picmaxy=\dimen171
\pgf@pathminx=\dimen172
\pgf@pathmaxx=\dimen173
\pgf@pathminy=\dimen174
\pgf@pathmaxy=\dimen175
\pgf@xx=\dimen176
\pgf@xy=\dimen177
\pgf@yx=\dimen178
\pgf@yy=\dimen179
\pgf@zx=\dimen180
\pgf@zy=\dimen181
)
(/Users/dmitriyivkov/Library/Application Support/MiKTeX/texmfs/install/tex/gene
ric/pgf/basiclayer/pgfcorepathconstruct.code.tex
File: pgfcorepathconstruct.code.tex 2023-01-15 v3.1.10 (3.1.10)
\pgf@path@lastx=\dimen182
\pgf@path@lasty=\dimen183
)
(/Users/dmitriyivkov/Library/Application Support/MiKTeX/texmfs/install/tex/gene
ric/pgf/basiclayer/pgfcorepathusage.code.tex
File: pgfcorepathusage.code.tex 2023-01-15 v3.1.10 (3.1.10)
\pgf@shorten@end@additional=\dimen184
\pgf@shorten@start@additional=\dimen185
)
(/Users/dmitriyivkov/Library/Application Support/MiKTeX/texmfs/install/tex/gene
ric/pgf/basiclayer/pgfcorescopes.code.tex
File: pgfcorescopes.code.tex 2023-01-15 v3.1.10 (3.1.10)
\pgfpic=\box56
\pgf@hbox=\box57
\pgf@layerbox@main=\box58
\pgf@picture@serial@count=\count295
)
(/Users/dmitriyivkov/Library/Application Support/MiKTeX/texmfs/install/tex/gene
ric/pgf/basiclayer/pgfcoregraphicstate.code.tex
File: pgfcoregraphicstate.code.tex 2023-01-15 v3.1.10 (3.1.10)
\pgflinewidth=\dimen186
)
(/Users/dmitriyivkov/Library/Application Support/MiKTeX/texmfs/install/tex/gene
ric/pgf/basiclayer/pgfcoretransformations.code.tex
File: pgfcoretransformations.code.tex 2023-01-15 v3.1.10 (3.1.10)
\pgf@pt@x=\dimen187
\pgf@pt@y=\dimen188
\pgf@pt@temp=\dimen189
)
(/Users/dmitriyivkov/Library/Application Support/MiKTeX/texmfs/install/tex/gene
ric/pgf/basiclayer/pgfcorequick.code.tex
File: pgfcorequick.code.tex 2023-01-15 v3.1.10 (3.1.10)
)
(/Users/dmitriyivkov/Library/Application Support/MiKTeX/texmfs/install/tex/gene
ric/pgf/basiclayer/pgfcoreobjects.code.tex
File: pgfcoreobjects.code.tex 2023-01-15 v3.1.10 (3.1.10)
)
(/Users/dmitriyivkov/Library/Application Support/MiKTeX/texmfs/install/tex/gene
ric/pgf/basiclayer/pgfcorepathprocessing.code.tex
File: pgfcorepathprocessing.code.tex 2023-01-15 v3.1.10 (3.1.10)
)
(/Users/dmitriyivkov/Library/Application Support/MiKTeX/texmfs/install/tex/gene
ric/pgf/basiclayer/pgfcorearrows.code.tex
File: pgfcorearrows.code.tex 2023-01-15 v3.1.10 (3.1.10)
\pgfarrowsep=\dimen190
)
(/Users/dmitriyivkov/Library/Application Support/MiKTeX/texmfs/install/tex/gene
ric/pgf/basiclayer/pgfcoreshade.code.tex
File: pgfcoreshade.code.tex 2023-01-15 v3.1.10 (3.1.10)
\pgf@max=\dimen191
\pgf@sys@shading@range@num=\count296
\pgf@shadingcount=\count297
)
(/Users/dmitriyivkov/Library/Application Support/MiKTeX/texmfs/install/tex/gene
ric/pgf/basiclayer/pgfcoreimage.code.tex
File: pgfcoreimage.code.tex 2023-01-15 v3.1.10 (3.1.10)
)
(/Users/dmitriyivkov/Library/Application Support/MiKTeX/texmfs/install/tex/gene
ric/pgf/basiclayer/pgfcoreexternal.code.tex
File: pgfcoreexternal.code.tex 2023-01-15 v3.1.10 (3.1.10)
\pgfexternal@startupbox=\box59
)
(/Users/dmitriyivkov/Library/Application Support/MiKTeX/texmfs/install/tex/gene
ric/pgf/basiclayer/pgfcorelayers.code.tex
File: pgfcorelayers.code.tex 2023-01-15 v3.1.10 (3.1.10)
)
(/Users/dmitriyivkov/Library/Application Support/MiKTeX/texmfs/install/tex/gene
ric/pgf/basiclayer/pgfcoretransparency.code.tex
File: pgfcoretransparency.code.tex 2023-01-15 v3.1.10 (3.1.10)
)
(/Users/dmitriyivkov/Library/Application Support/MiKTeX/texmfs/install/tex/gene
ric/pgf/basiclayer/pgfcorepatterns.code.tex
File: pgfcorepatterns.code.tex 2023-01-15 v3.1.10 (3.1.10)
)
(/Users/dmitriyivkov/Library/Application Support/MiKTeX/texmfs/install/tex/gene
ric/pgf/basiclayer/pgfcorerdf.code.tex
File: pgfcorerdf.code.tex 2023-01-15 v3.1.10 (3.1.10)
)))
(/Users/dmitriyivkov/Library/Application Support/MiKTeX/texmfs/install/tex/gene
ric/pgf/modules/pgfmoduleshapes.code.tex
File: pgfmoduleshapes.code.tex 2023-01-15 v3.1.10 (3.1.10)
\pgfnodeparttextbox=\box60
)
(/Users/dmitriyivkov/Library/Application Support/MiKTeX/texmfs/install/tex/gene
ric/pgf/modules/pgfmoduleplot.code.tex
File: pgfmoduleplot.code.tex 2023-01-15 v3.1.10 (3.1.10)
)
(/Users/dmitriyivkov/Library/Application Support/MiKTeX/texmfs/install/tex/late
x/pgf/compatibility/pgfcomp-version-0-65.sty
Package: pgfcomp-version-0-65 2023-01-15 v3.1.10 (3.1.10)
\pgf@nodesepstart=\dimen192
\pgf@nodesepend=\dimen193
)
(/Users/dmitriyivkov/Library/Application Support/MiKTeX/texmfs/install/tex/late
x/pgf/compatibility/pgfcomp-version-1-18.sty
Package: pgfcomp-version-1-18 2023-01-15 v3.1.10 (3.1.10)
))
(/Users/dmitriyivkov/Library/Application Support/MiKTeX/texmfs/install/tex/late
x/pgf/utilities/pgffor.sty
(/Users/dmitriyivkov/Library/Application Support/MiKTeX/texmfs/install/tex/late
x/pgf/utilities/pgfkeys.sty
(/Users/dmitriyivkov/Library/Application Support/MiKTeX/texmfs/install/tex/gene
ric/pgf/utilities/pgfkeys.code.tex))
(/Users/dmitriyivkov/Library/Application Support/MiKTeX/texmfs/install/tex/late
x/pgf/math/pgfmath.sty
(/Users/dmitriyivkov/Library/Application Support/MiKTeX/texmfs/install/tex/gene
ric/pgf/math/pgfmath.code.tex))
(/Users/dmitriyivkov/Library/Application Support/MiKTeX/texmfs/install/tex/gene
ric/pgf/utilities/pgffor.code.tex
Package: pgffor 2023-01-15 v3.1.10 (3.1.10)
\pgffor@iter=\dimen194
\pgffor@skip=\dimen195
\pgffor@stack=\toks35
\pgffor@toks=\toks36
))
(/Users/dmitriyivkov/Library/Application Support/MiKTeX/texmfs/install/tex/gene
ric/pgf/frontendlayer/tikz/tikz.code.tex
Package: tikz 2023-01-15 v3.1.10 (3.1.10)

(/Users/dmitriyivkov/Library/Application Support/MiKTeX/texmfs/install/tex/gene
ric/pgf/libraries/pgflibraryplothandlers.code.tex
File: pgflibraryplothandlers.code.tex 2023-01-15 v3.1.10 (3.1.10)
\pgf@plot@mark@count=\count298
\pgfplotmarksize=\dimen196
)
\tikz@lastx=\dimen197
\tikz@lasty=\dimen198
\tikz@lastxsaved=\dimen199
\tikz@lastysaved=\dimen256
\tikz@lastmovetox=\dimen257
\tikz@lastmovetoy=\dimen258
\tikzleveldistance=\dimen259
\tikzsiblingdistance=\dimen260
\tikz@figbox=\box61
\tikz@figbox@bg=\box62
\tikz@tempbox=\box63
\tikz@tempbox@bg=\box64
\tikztreelevel=\count299
\tikznumberofchildren=\count300
\tikznumberofcurrentchild=\count301
\tikz@fig@count=\count302

(/Users/dmitriyivkov/Library/Application Support/MiKTeX/texmfs/install/tex/gene
ric/pgf/modules/pgfmodulematrix.code.tex
File: pgfmodulematrix.code.tex 2023-01-15 v3.1.10 (3.1.10)
\pgfmatrixcurrentrow=\count303
\pgfmatrixcurrentcolumn=\count304
\pgf@matrix@numberofcolumns=\count305
)
\tikz@expandcount=\count306

(/Users/dmitriyivkov/Library/Application Support/MiKTeX/texmfs/install/tex/gene
ric/pgf/frontendlayer/tikz/libraries/tikzlibrarytopaths.code.tex
File: tikzlibrarytopaths.code.tex 2023-01-15 v3.1.10 (3.1.10)
))) (tikzit.sty
(/Users/dmitriyivkov/Library/Application Support/MiKTeX/texmfs/install/tex/gene
ric/pgf/frontendlayer/tikz/libraries/tikzlibrarybackgrounds.code.tex
File: tikzlibrarybackgrounds.code.tex 2023-01-15 v3.1.10 (3.1.10)
\pgf@layerbox@background=\box65
\pgf@layerboxsaved@background=\box66
)
(/Users/dmitriyivkov/Library/Application Support/MiKTeX/texmfs/install/tex/gene
ric/pgf/frontendlayer/tikz/libraries/tikzlibraryarrows.code.tex
File: tikzlibraryarrows.code.tex 2023-01-15 v3.1.10 (3.1.10)

(/Users/dmitriyivkov/Library/Application Support/MiKTeX/texmfs/install/tex/gene
ric/pgf/libraries/pgflibraryarrows.code.tex
File: pgflibraryarrows.code.tex 2023-01-15 v3.1.10 (3.1.10)
\arrowsize=\dimen261
))
(/Users/dmitriyivkov/Library/Application Support/MiKTeX/texmfs/install/tex/gene
ric/pgf/frontendlayer/tikz/libraries/tikzlibraryshapes.code.tex
File: tikzlibraryshapes.code.tex 2023-01-15 v3.1.10 (3.1.10)

(/Users/dmitriyivkov/Library/Application Support/MiKTeX/texmfs/install/tex/gene
ric/pgf/frontendlayer/tikz/libraries/tikzlibraryshapes.geometric.code.tex
File: tikzlibraryshapes.geometric.code.tex 2023-01-15 v3.1.10 (3.1.10)

(/Users/dmitriyivkov/Library/Application Support/MiKTeX/texmfs/install/tex/gene
ric/pgf/libraries/shapes/pgflibraryshapes.geometric.code.tex
File: pgflibraryshapes.geometric.code.tex 2023-01-15 v3.1.10 (3.1.10)
))
(/Users/dmitriyivkov/Library/Application Support/MiKTeX/texmfs/install/tex/gene
ric/pgf/frontendlayer/tikz/libraries/tikzlibraryshapes.misc.code.tex
File: tikzlibraryshapes.misc.code.tex 2023-01-15 v3.1.10 (3.1.10)

(/Users/dmitriyivkov/Library/Application Support/MiKTeX/texmfs/install/tex/gene
ric/pgf/libraries/shapes/pgflibraryshapes.misc.code.tex
File: pgflibraryshapes.misc.code.tex 2023-01-15 v3.1.10 (3.1.10)
))
(/Users/dmitriyivkov/Library/Application Support/MiKTeX/texmfs/install/tex/gene
ric/pgf/frontendlayer/tikz/libraries/tikzlibraryshapes.symbols.code.tex
File: tikzlibraryshapes.symbols.code.tex 2023-01-15 v3.1.10 (3.1.10)

(/Users/dmitriyivkov/Library/Application Support/MiKTeX/texmfs/install/tex/gene
ric/pgf/libraries/shapes/pgflibraryshapes.symbols.code.tex
File: pgflibraryshapes.symbols.code.tex 2023-01-15 v3.1.10 (3.1.10)
))
(/Users/dmitriyivkov/Library/Application Support/MiKTeX/texmfs/install/tex/gene
ric/pgf/frontendlayer/tikz/libraries/tikzlibraryshapes.arrows.code.tex
File: tikzlibraryshapes.arrows.code.tex 2023-01-15 v3.1.10 (3.1.10)

(/Users/dmitriyivkov/Library/Application Support/MiKTeX/texmfs/install/tex/gene
ric/pgf/libraries/shapes/pgflibraryshapes.arrows.code.tex
File: pgflibraryshapes.arrows.code.tex 2023-01-15 v3.1.10 (3.1.10)
))
(/Users/dmitriyivkov/Library/Application Support/MiKTeX/texmfs/install/tex/gene
ric/pgf/frontendlayer/tikz/libraries/tikzlibraryshapes.callouts.code.tex
(/Users/dmitriyivkov/Library/Application Support/MiKTeX/texmfs/install/tex/gene
ric/pgf/libraries/shapes/pgflibraryshapes.callouts.code.tex))
(/Users/dmitriyivkov/Library/Application Support/MiKTeX/texmfs/install/tex/gene
ric/pgf/frontendlayer/tikz/libraries/tikzlibraryshapes.multipart.code.tex
File: tikzlibraryshapes.multipart.code.tex 2023-01-15 v3.1.10 (3.1.10)

(/Users/dmitriyivkov/Library/Application Support/MiKTeX/texmfs/install/tex/gene
ric/pgf/libraries/shapes/pgflibraryshapes.multipart.code.tex
File: pgflibraryshapes.multipart.code.tex 2023-01-15 v3.1.10 (3.1.10)
\pgfnodepartlowerbox=\box67
\pgfnodeparttwobox=\box68
\pgfnodepartthreebox=\box69
\pgfnodepartfourbox=\box70
\pgfnodeparttwentybox=\box71
\pgfnodepartnineteenbox=\box72
\pgfnodeparteighteenbox=\box73
\pgfnodepartseventeenbox=\box74
\pgfnodepartsixteenbox=\box75
\pgfnodepartfifteenbox=\box76
\pgfnodepartfourteenbox=\box77
\pgfnodepartthirteenbox=\box78
\pgfnodeparttwelvebox=\box79
\pgfnodepartelevenbox=\box80
\pgfnodeparttenbox=\box81
\pgfnodepartninebox=\box82
\pgfnodeparteightbox=\box83
\pgfnodepartsevenbox=\box84
\pgfnodepartsixbox=\box85
\pgfnodepartfivebox=\box86
)))
\pgf@layerbox@edgelayer=\box87
\pgf@layerboxsaved@edgelayer=\box88
\pgf@layerbox@nodelayer=\box89
\pgf@layerboxsaved@nodelayer=\box90
)
(/Users/dmitriyivkov/Library/Application Support/MiKTeX/texmfs/install/tex/late
x/hyperref/hyperref.sty
Package: hyperref 2024-07-10 v7.01j Hypertext links for LaTeX

(/Users/dmitriyivkov/Library/Application Support/MiKTeX/texmfs/install/tex/gene
ric/iftex/iftex.sty
Package: iftex 2022/02/03 v1.0f TeX engine tests
)
(/Users/dmitriyivkov/Library/Application Support/MiKTeX/texmfs/install/tex/late
x/kvsetkeys/kvsetkeys.sty
Package: kvsetkeys 2022-10-05 v1.19 Key value parser (HO)
)
(/Users/dmitriyivkov/Library/Application Support/MiKTeX/texmfs/install/tex/gene
ric/kvdefinekeys/kvdefinekeys.sty
Package: kvdefinekeys 2019-12-19 v1.6 Define keys (HO)
)
(/Users/dmitriyivkov/Library/Application Support/MiKTeX/texmfs/install/tex/gene
ric/pdfescape/pdfescape.sty
Package: pdfescape 2019/12/09 v1.15 Implements pdfTeX's escape features (HO)

(/Users/dmitriyivkov/Library/Application Support/MiKTeX/texmfs/install/tex/gene
ric/ltxcmds/ltxcmds.sty
Package: ltxcmds 2023-12-04 v1.26 LaTeX kernel commands for general use (HO)
)
(/Users/dmitriyivkov/Library/Application Support/MiKTeX/texmfs/install/tex/gene
ric/pdftexcmds/pdftexcmds.sty
Package: pdftexcmds 2020-06-27 v0.33 Utility functions of pdfTeX for LuaTeX (HO
)

(/Users/dmitriyivkov/Library/Application Support/MiKTeX/texmfs/install/tex/gene
ric/infwarerr/infwarerr.sty
Package: infwarerr 2019/12/03 v1.5 Providing info/warning/error messages (HO)
)
Package pdftexcmds Info: \pdf@primitive is available.
Package pdftexcmds Info: \pdf@ifprimitive is available.
Package pdftexcmds Info: \pdfdraftmode found.
))
(/Users/dmitriyivkov/Library/Application Support/MiKTeX/texmfs/install/tex/late
x/hycolor/hycolor.sty
Package: hycolor 2020-01-27 v1.10 Color options for hyperref/bookmark (HO)
)
(/Users/dmitriyivkov/Library/Application Support/MiKTeX/texmfs/install/tex/late
x/hyperref/nameref.sty
Package: nameref 2023-11-26 v2.56 Cross-referencing by name of section

(/Users/dmitriyivkov/Library/Application Support/MiKTeX/texmfs/install/tex/late
x/refcount/refcount.sty
Package: refcount 2019/12/15 v3.6 Data extraction from label references (HO)
)
(/Users/dmitriyivkov/Library/Application Support/MiKTeX/texmfs/install/tex/gene
ric/gettitlestring/gettitlestring.sty
Package: gettitlestring 2019/12/15 v1.6 Cleanup title references (HO)

(/Users/dmitriyivkov/Library/Application Support/MiKTeX/texmfs/install/tex/late
x/kvoptions/kvoptions.sty
Package: kvoptions 2022-06-15 v3.15 Key value format for package options (HO)
))
\c@section@level=\count307
)
(/Users/dmitriyivkov/Library/Application Support/MiKTeX/texmfs/install/tex/late
x/etoolbox/etoolbox.sty
Package: etoolbox 2020/10/05 v2.5k e-TeX tools for LaTeX (JAW)
\etb@tempcnta=\count308
)
(/Users/dmitriyivkov/Library/Application Support/MiKTeX/texmfs/install/tex/gene
ric/stringenc/stringenc.sty
Package: stringenc 2019/11/29 v1.12 Convert strings between diff. encodings (HO
)
)
\@linkdim=\dimen262
\Hy@linkcounter=\count309
\Hy@pagecounter=\count310

(/Users/dmitriyivkov/Library/Application Support/MiKTeX/texmfs/install/tex/late
x/hyperref/pd1enc.def
File: pd1enc.def 2024-07-10 v7.01j Hyperref: PDFDocEncoding definition (HO)
Now handling font encoding PD1 ...
... no UTF-8 mapping file for font encoding PD1
)
(/Users/dmitriyivkov/Library/Application Support/MiKTeX/texmfs/install/tex/gene
ric/intcalc/intcalc.sty
Package: intcalc 2019/12/15 v1.3 Expandable calculations with integers (HO)
)
\Hy@SavedSpaceFactor=\count311

(/Users/dmitriyivkov/Library/Application Support/MiKTeX/texmfs/install/tex/late
x/hyperref/puenc.def
File: puenc.def 2024-07-10 v7.01j Hyperref: PDF Unicode definition (HO)
Now handling font encoding PU ...
... no UTF-8 mapping file for font encoding PU
)
Package hyperref Info: Hyper figures OFF on input line 4157.
Package hyperref Info: Link nesting OFF on input line 4162.
Package hyperref Info: Hyper index ON on input line 4165.
Package hyperref Info: Plain pages OFF on input line 4172.
Package hyperref Info: Backreferencing OFF on input line 4177.
Package hyperref Info: Implicit mode ON; LaTeX internals redefined.
Package hyperref Info: Bookmarks ON on input line 4424.
\c@Hy@tempcnt=\count312
LaTeX Info: Redefining \url on input line 4763.
\XeTeXLinkMargin=\dimen263

(/Users/dmitriyivkov/Library/Application Support/MiKTeX/texmfs/install/tex/gene
ric/bitset/bitset.sty
Package: bitset 2019/12/09 v1.3 Handle bit-vector datatype (HO)

(/Users/dmitriyivkov/Library/Application Support/MiKTeX/texmfs/install/tex/gene
ric/bigintcalc/bigintcalc.sty
Package: bigintcalc 2019/12/15 v1.5 Expandable calculations on big integers (HO
)
))
\Fld@menulength=\count313
\Field@Width=\dimen264
\Fld@charsize=\dimen265
Package hyperref Info: Hyper figures OFF on input line 6042.
Package hyperref Info: Link nesting OFF on input line 6047.
Package hyperref Info: Hyper index ON on input line 6050.
Package hyperref Info: backreferencing OFF on input line 6057.
Package hyperref Info: Link coloring OFF on input line 6062.
Package hyperref Info: Link coloring with OCG OFF on input line 6067.
Package hyperref Info: PDF/A mode OFF on input line 6072.

(/Users/dmitriyivkov/Library/Application Support/MiKTeX/texmfs/install/tex/late
x/base/atbegshi-ltx.sty
Package: atbegshi-ltx 2021/01/10 v1.0c Emulation of the original atbegshi
package with kernel methods
)
\Hy@abspage=\count314
\c@Item=\count315
\c@Hfootnote=\count316
)
Package hyperref Info: Driver (autodetected): hpdftex.

(/Users/dmitriyivkov/Library/Application Support/MiKTeX/texmfs/install/tex/late
x/hyperref/hpdftex.def
File: hpdftex.def 2024-07-10 v7.01j Hyperref driver for pdfTeX

(/Users/dmitriyivkov/Library/Application Support/MiKTeX/texmfs/install/tex/late
x/base/atveryend-ltx.sty
Package: atveryend-ltx 2020/08/19 v1.0a Emulation of the original atveryend pac
kage
with kernel methods
)
\Fld@listcount=\count317
\c@bookmark@seq@number=\count318

(/Users/dmitriyivkov/Library/Application Support/MiKTeX/texmfs/install/tex/late
x/rerunfilecheck/rerunfilecheck.sty
Package: rerunfilecheck 2022-07-10 v1.10 Rerun checks for auxiliary files (HO)

(/Users/dmitriyivkov/Library/Application Support/MiKTeX/texmfs/install/tex/gene
ric/uniquecounter/uniquecounter.sty
Package: uniquecounter 2019/12/15 v1.4 Provide unlimited unique counter (HO)
)
Package uniquecounter Info: New unique counter `rerunfilecheck' on input line 2
85.
)
\Hy@SectionHShift=\skip54
)
(/Users/dmitriyivkov/Library/Application Support/MiKTeX/texmfs/install/tex/late
x/qtree/qtree.sty
Package: 2008/12/12 v.3.1bQtree: tree-drawing for linguistics
Package: qtree 2008/12/12 v.3.1bQtree: tree-drawing for linguistics

(/Users/dmitriyivkov/Library/Application Support/MiKTeX/texmfs/install/tex/late
x/pict2e/pict2e.sty
Package: pict2e 2020/09/30 v0.4b Improved picture commands (HjG,RN,JT)

(/Users/dmitriyivkov/Library/Application Support/MiKTeX/texmfs/install/tex/late
x/pict2e/pict2e.cfg
File: pict2e.cfg 2016/02/05 v0.1u pict2e configuration for teTeX/TeXLive
)
Package pict2e Info: Driver file: pdftex.def on input line 112.
Package pict2e Info: Driver file for pict2e: p2e-pdftex.def on input line 114.

(/Users/dmitriyivkov/Library/Application Support/MiKTeX/texmfs/install/tex/late
x/pict2e/p2e-pdftex.def
File: p2e-pdftex.def 2016/02/05 v0.1u Driver-dependant file (RN,HjG,JT)
)
\pIIe@GRAPH=\toks37
\@arclen=\dimen266
\@arcrad=\dimen267
\pIIe@tempdima=\dimen268
\pIIe@tempdimb=\dimen269
\pIIe@tempdimc=\dimen270
\pIIe@tempdimd=\dimen271
\pIIe@tempdime=\dimen272
\pIIe@tempdimf=\dimen273
)
\c@treecount=\count319
\c@branchcount=\count320
\parentbox=\box91
\treebox=\box92
\treeboxone=\box93
\treeboxtwo=\box94
\treeboxthree=\box95
\treeboxfour=\box96
\treeboxfive=\box97
\treeboxsix=\box98
\treeboxseven=\box99
\treeboxeight=\box100
\treeboxnine=\box101
\treeboxten=\box102
\treeboxeleven=\box103
\treeboxtwelve=\box104
\treeboxthirteen=\box105
\treeboxfourteen=\box106
\treeboxfifteen=\box107
\treeboxsixteen=\box108
\treeboxseventeen=\box109
\treeboxeighteen=\box110
\treeboxnineteen=\box111
\treeboxtwenty=\box112
\treeoffsetone=\skip55
\treeoffsettwo=\skip56
\treeoffsetthree=\skip57
\treeoffsetfour=\skip58
\treeoffsetfive=\skip59
\treeoffsetsix=\skip60
\treeoffsetseven=\skip61
\treeoffseteight=\skip62
\treeoffsetnine=\skip63
\treeoffsetten=\skip64
\treeoffseteleven=\skip65
\treeoffsettwelve=\skip66
\treeoffsetthirteen=\skip67
\treeoffsetfourteen=\skip68
\treeoffsetfifteen=\skip69
\treeoffsetsixteen=\skip70
\treeoffsetseventeen=\skip71
\treeoffseteighteen=\skip72
\treeoffsetnineteen=\skip73
\treeoffsettwenty=\skip74
\treeshiftone=\skip75
\treeshifttwo=\skip76
\treeshiftthree=\skip77
\treeshiftfour=\skip78
\treeshiftfive=\skip79
\treeshiftsix=\skip80
\treeshiftseven=\skip81
\treeshifteight=\skip82
\treeshiftnine=\skip83
\treeshiftten=\skip84
\treeshifteleven=\skip85
\treeshifttwelve=\skip86
\treeshiftthirteen=\skip87
\treeshiftfourteen=\skip88
\treeshiftfifteen=\skip89
\treeshiftsixteen=\skip90
\treeshiftseventeen=\skip91
\treeshifteighteen=\skip92
\treeshiftnineteen=\skip93
\treeshifttwenty=\skip94
\treewidthone=\skip95
\treewidthtwo=\skip96
\treewidththree=\skip97
\treewidthfour=\skip98
\treewidthfive=\skip99
\treewidthsix=\skip100
\treewidthseven=\skip101
\treewidtheight=\skip102
\treewidthnine=\skip103
\treewidthten=\skip104
\treewidtheleven=\skip105
\treewidthtwelve=\skip106
\treewidththirteen=\skip107
\treewidthfourteen=\skip108
\treewidthfifteen=\skip109
\treewidthsixteen=\skip110
\treewidthseventeen=\skip111
\treewidtheighteen=\skip112
\treewidthnineteen=\skip113
\treewidthtwenty=\skip114
\daughteroffsetone=\skip115
\daughteroffsettwo=\skip116
\daughteroffsetthree=\skip117
\daughteroffsetfour=\skip118
\branchwidthone=\skip119
\branchwidthtwo=\skip120
\branchwidththree=\skip121
\branchwidthfour=\skip122
\parentoffset=\skip123
\treeoffset=\skip124
\daughteroffset=\skip125
\branchwidth=\skip126
\parentwidth=\skip127
\treewidth=\skip128
\qta=\toks38
\qtb=\toks39
\nbranches=\count321
\qroofx=\count322
\qroofy=\count323
\@qrscratchbox=\box113
)
(/Users/dmitriyivkov/Library/Application Support/MiKTeX/texmfs/install/tex/late
x/circuitikz/circuitikz.sty
Package: circuitikz 2024/08/03{} The CircuiTikz circuit drawing package version
 1.7.0

(/Users/dmitriyivkov/Library/Application Support/MiKTeX/texmfs/install/tex/gene
ric/pgf/frontendlayer/tikz/libraries/tikzlibrarycalc.code.tex
File: tikzlibrarycalc.code.tex 2023-01-15 v3.1.10 (3.1.10)
)
(/Users/dmitriyivkov/Library/Application Support/MiKTeX/texmfs/install/tex/gene
ric/pgf/libraries/pgflibraryarrows.meta.code.tex
File: pgflibraryarrows.meta.code.tex 2023-01-15 v3.1.10 (3.1.10)
\pgfarrowinset=\dimen274
\pgfarrowlength=\dimen275
\pgfarrowwidth=\dimen276
\pgfarrowlinewidth=\dimen277
)
(/Users/dmitriyivkov/Library/Application Support/MiKTeX/texmfs/install/tex/gene
ric/pgf/frontendlayer/tikz/libraries/tikzlibrarybending.code.tex
File: tikzlibrarybending.code.tex 2023-01-15 v3.1.10 (3.1.10)

(/Users/dmitriyivkov/Library/Application Support/MiKTeX/texmfs/install/tex/gene
ric/pgf/modules/pgfmodulebending.code.tex
File: pgfmodulebending.code.tex 2023-01-15 v3.1.10 (3.1.10)

(/Users/dmitriyivkov/Library/Application Support/MiKTeX/texmfs/install/tex/gene
ric/pgf/modules/pgfmodulenonlineartransformations.code.tex
File: pgfmodulenonlineartransformations.code.tex 2023-01-15 v3.1.10 (3.1.10)
\pgftransformnonlinearflatness=\dimen278
)
(/Users/dmitriyivkov/Library/Application Support/MiKTeX/texmfs/install/tex/gene
ric/pgf/libraries/pgflibrarycurvilinear.code.tex
File: pgflibrarycurvilinear.code.tex 2023-01-15 v3.1.10 (3.1.10)
\pgf@curvilinear@time@a=\dimen279
\pgf@curvilinear@length@a=\dimen280
\pgf@curvilinear@length@b=\dimen281
\pgf@curvilinear@length@c=\dimen282
\pgf@curvilinear@length@d=\dimen283
)
\pgf@arrows@the@rigidity=\dimen284
))
(/Users/dmitriyivkov/Library/Application Support/MiKTeX/texmfs/install/tex/gene
ric/pgf/frontendlayer/tikz/libraries/tikzlibraryfpu.code.tex
(/Users/dmitriyivkov/Library/Application Support/MiKTeX/texmfs/install/tex/gene
ric/pgf/libraries/pgflibraryfpu.code.tex))
(/Users/dmitriyivkov/Library/Application Support/MiKTeX/texmfs/install/tex/gene
ric/circuitikz/pgfcirc.defines.tex
\pgf@circ@count@a=\count324
\pgf@circ@count@b=\count325
\pgf@circ@count@c=\count326
\pgf@circ@res@up=\dimen285
\pgf@circ@res@down=\dimen286
\pgf@circ@res@zero=\dimen287
\pgf@circ@res@left=\dimen288
\pgf@circ@res@right=\dimen289
\pgf@circ@res@other=\dimen290
\pgf@circ@res@step=\dimen291
\pgf@circ@res@temp=\dimen292
\pgf@circ@Rlen=\dimen293
\pgf@circ@scaled@Rlen=\dimen294
\pgfstartlinewidth=\dimen295
)
(/Users/dmitriyivkov/Library/Application Support/MiKTeX/texmfs/install/tex/gene
ric/circuitikz/pgfcircutils.tex
\ctikz@scratchbox=\box114
)
(/Users/dmitriyivkov/Library/Application Support/MiKTeX/texmfs/install/tex/gene
ric/circuitikz/pgfcircpath.tex)
(/Users/dmitriyivkov/Library/Application Support/MiKTeX/texmfs/install/tex/gene
ric/circuitikz/pgfcircshapes.tex)
(/Users/dmitriyivkov/Library/Application Support/MiKTeX/texmfs/install/tex/gene
ric/circuitikz/pgfcircmonopoles.tex)
(/Users/dmitriyivkov/Library/Application Support/MiKTeX/texmfs/install/tex/gene
ric/circuitikz/pgfcircbipoles.tex)
(/Users/dmitriyivkov/Library/Application Support/MiKTeX/texmfs/install/tex/gene
ric/circuitikz/pgfcirctripoles.tex
\pgf@circ@res@count=\count327
)
(/Users/dmitriyivkov/Library/Application Support/MiKTeX/texmfs/install/tex/gene
ric/circuitikz/pgfcircquadpoles.tex)
(/Users/dmitriyivkov/Library/Application Support/MiKTeX/texmfs/install/tex/gene
ric/circuitikz/pgfcircmultipoles.tex)
(/Users/dmitriyivkov/Library/Application Support/MiKTeX/texmfs/install/tex/gene
ric/circuitikz/pgfcirclabel.tex)
(/Users/dmitriyivkov/Library/Application Support/MiKTeX/texmfs/install/tex/gene
ric/circuitikz/pgfcircvoltage.tex
\pgfcirc@labelshift=\dimen296
)
(/Users/dmitriyivkov/Library/Application Support/MiKTeX/texmfs/install/tex/gene
ric/circuitikz/pgfcirccurrent.tex)
(/Users/dmitriyivkov/Library/Application Support/MiKTeX/texmfs/install/tex/gene
ric/circuitikz/pgfcircflow.tex))
(/Users/dmitriyivkov/Library/Application Support/MiKTeX/texmfs/install/tex/late
x/float/float.sty
Package: float 2001/11/08 v1.3d Float enhancements (AL)
\c@float@type=\count328
\float@exts=\toks40
\float@box=\box115
\@float@everytoks=\toks41
\@floatcapt=\box116
)
(/Users/dmitriyivkov/Library/Application Support/MiKTeX/texmfs/install/tex/gene
ric/pgf/frontendlayer/tikz/libraries/tikzlibrarytrees.code.tex
File: tikzlibrarytrees.code.tex 2023-01-15 v3.1.10 (3.1.10)
)
(/Users/dmitriyivkov/Library/Application Support/MiKTeX/texmfs/install/tex/gene
ric/pgf/frontendlayer/tikz/libraries/tikzlibrarypositioning.code.tex
File: tikzlibrarypositioning.code.tex 2023-01-15 v3.1.10 (3.1.10)
)
(/Users/dmitriyivkov/Library/Application Support/MiKTeX/texmfs/install/tex/gene
ric/pgf/frontendlayer/tikz/libraries/tikzlibraryautomata.code.tex
File: tikzlibraryautomata.code.tex 2023-01-15 v3.1.10 (3.1.10)
)
(tikzit.tikzstyles)
(/Users/dmitriyivkov/Library/Application Support/MiKTeX/texmfs/install/tex/late
x/l3backend/l3backend-pdftex.def
File: l3backend-pdftex.def 2024-05-08 L3 backend support: PDF output (pdfTeX)
\l__color_backend_stack_int=\count329
\l__pdf_internal_box=\box117
)
(/Users/dmitriyivkov/IdeaProjects/tex/PS6/out/main.aux)
\openout1 = `main.aux'.

LaTeX Font Info:    Checking defaults for OML/cmm/m/it on input line 12.
LaTeX Font Info:    ... okay on input line 12.
LaTeX Font Info:    Checking defaults for OMS/cmsy/m/n on input line 12.
LaTeX Font Info:    ... okay on input line 12.
LaTeX Font Info:    Checking defaults for OT1/cmr/m/n on input line 12.
LaTeX Font Info:    ... okay on input line 12.
LaTeX Font Info:    Checking defaults for T1/cmr/m/n on input line 12.
LaTeX Font Info:    ... okay on input line 12.
LaTeX Font Info:    Checking defaults for TS1/cmr/m/n on input line 12.
LaTeX Font Info:    ... okay on input line 12.
LaTeX Font Info:    Checking defaults for OMX/cmex/m/n on input line 12.
LaTeX Font Info:    ... okay on input line 12.
LaTeX Font Info:    Checking defaults for U/cmr/m/n on input line 12.
LaTeX Font Info:    ... okay on input line 12.
LaTeX Font Info:    Checking defaults for PD1/pdf/m/n on input line 12.
LaTeX Font Info:    ... okay on input line 12.
LaTeX Font Info:    Checking defaults for PU/pdf/m/n on input line 12.
LaTeX Font Info:    ... okay on input line 12.

(/Users/dmitriyivkov/Library/Application Support/MiKTeX/texmfs/install/tex/cont
ext/base/mkii/supp-pdf.mkii
[Loading MPS to PDF converter (version 2006.09.02).]
\scratchcounter=\count330
\scratchdimen=\dimen297
\scratchbox=\box118
\nofMPsegments=\count331
\nofMParguments=\count332
\everyMPshowfont=\toks42
\MPscratchCnt=\count333
\MPscratchDim=\dimen298
\MPnumerator=\count334
\makeMPintoPDFobject=\count335
\everyMPtoPDFconversion=\toks43
)
(/Users/dmitriyivkov/Library/Application Support/MiKTeX/texmfs/install/tex/late
x/epstopdf-pkg/epstopdf-base.sty
Package: epstopdf-base 2020-01-24 v2.11 Base part for package epstopdf
Package epstopdf-base Info: Redefining graphics rule for `.eps' on input line 4
85.

(/Users/dmitriyivkov/Library/Application Support/MiKTeX/texmfs/install/tex/late
x/00miktex/epstopdf-sys.cfg
File: epstopdf-sys.cfg 2021/03/18 v2.0 Configuration of epstopdf for MiKTeX
))
Package hyperref Info: Link coloring OFF on input line 12.

(/Users/dmitriyivkov/IdeaProjects/tex/PS6/out/main.out)
(/Users/dmitriyivkov/IdeaProjects/tex/PS6/out/main.out)
\@outlinefile=\write4
\openout4 = `main.out'.

LaTeX Font Info:    Trying to load font information for U+msa on input line 25.


(/Users/dmitriyivkov/Library/Application Support/MiKTeX/texmfs/install/tex/late
x/amsfonts/umsa.fd
File: umsa.fd 2013/01/14 v3.01 AMS symbols A
)
LaTeX Font Info:    Trying to load font information for U+msb on input line 25.


(/Users/dmitriyivkov/Library/Application Support/MiKTeX/texmfs/install/tex/late
x/amsfonts/umsb.fd
File: umsb.fd 2013/01/14 v3.01 AMS symbols B
)
LaTeX Font Info:    Trying to load font information for U+lasy on input line 25
.

(/Users/dmitriyivkov/Library/Application Support/MiKTeX/texmfs/install/tex/late
x/base/ulasy.fd
File: ulasy.fd 1998/08/17 v2.2e LaTeX symbol font definitions
)

[1

{/Users/dmitriyivkov/Library/Application Support/MiKTeX/texmfs/data/fonts/map/p
dftex/pdftex.map}]

[2]
Overfull \hbox (5.94583pt too wide) in paragraph at lines 76--88
[]\OML/cmm/m/it/10 A \OMS/cmsy/m/n/10 [ \OML/cmm/m/it/10 B[]n[][] 
 []


Underfull \hbox (badness 10000) in paragraph at lines 76--88

 []


Underfull \hbox (badness 10000) in paragraph at lines 89--92

 []


Underfull \hbox (badness 10000) in paragraph at lines 93--94

 []


Underfull \hbox (badness 10000) in paragraph at lines 95--96

 []



[3]
Underfull \hbox (badness 10000) in paragraph at lines 117--118

 []


Underfull \hbox (badness 10000) in paragraph at lines 131--132

 []


Underfull \hbox (badness 10000) in paragraph at lines 133--135

 []


Overfull \hbox (1.21323pt too wide) in paragraph at lines 143--144
[]\OT1/cmss/m/n/10 By mathematical induction, the statement holds for all graph
s with $\OML/cmm/m/it/10 n$ \OT1/cmss/m/n/10 vertices and $\OML/cmm/m/it/10 m$ 
\OT1/cmss/m/n/10 edges. Therefore,
 []



[4]
<ChainMailLetter.pdf, id=35, 963.6pt x 542.025pt>
File: ChainMailLetter.pdf Graphic file (type pdf)
<use ChainMailLetter.pdf>
Package pdftex.def Info: ChainMailLetter.pdf  used on input line 168.
(pdftex.def)             Requested size: 284.52756pt x 160.04485pt.


[5 <./ChainMailLetter.pdf>]
Underfull \hbox (badness 10000) in paragraph at lines 196--214

 []



[6]

[7]

LaTeX Warning: File `IMG_4079.JPG' not found on input line 242.


main.tex:242: Package pdftex.def Error: File `IMG_4079.JPG' not found: using dr
aft setting.

See the pdftex.def package documentation for explanation.
Type  H <return>  for immediate help.
 ...                                              
                                                  
l.242 ...th=0.1\linewidth, angle=90]{IMG_4079.JPG}
                                                  
Try typing  <return>  to proceed.
If that doesn't work, type  X <return>  to quit.



[8]
LaTeX Font Info:    Font shape `OT1/cmss/m/it' in size <10> not available
(Font)              Font shape `OT1/cmss/m/sl' tried instead on input line 278.


Underfull \hbox (badness 10000) in paragraph at lines 282--294

 []


Underfull \hbox (badness 10000) in paragraph at lines 298--314

 []



[9]

[10] (/Users/dmitriyivkov/IdeaProjects/tex/PS6/out/main.aux)
 ***********
LaTeX2e <2024-06-01> patch level 2
L3 programming layer <2024-05-27>
 ***********


LaTeX Warning: Label(s) may have changed. Rerun to get cross-references right.

Package rerunfilecheck Info: File `main.out' has not changed.
(rerunfilecheck)             Checksum: D41D8CD98F00B204E9800998ECF8427E;0.
 ) 
Here is how much of TeX's memory you used:
 41070 strings out of 475838
 1004388 string characters out of 5775692
 1950905 words of memory out of 5000000
 63188 multiletter control sequences out of 15000+600000
 563665 words of font info for 59 fonts, out of 8000000 for 9000
 0 hyphenation exceptions out of 8191
 87i,11n,93p,614b,650s stack positions out of 10000i,1000n,20000p,200000b,200000s
 </Users/dmitriyivkov/Library/Application Support/MiKTeX/texmfs/data/fonts/pk
/ljfour/jknappen/ec/dpi600/tcrm1000.pk></Users/dmitriyivkov/Library/Application
 Support/MiKTeX/texmfs/install/fonts/type1/public/amsfonts/cm/cmbx10.pfb></User
s/dmitriyivkov/Library/Application Support/MiKTeX/texmfs/install/fonts/type1/pu
blic/amsfonts/cm/cmbx12.pfb></Users/dmitriyivkov/Library/Application Support/Mi
KTeX/texmfs/install/fonts/type1/public/amsfonts/cm/cmex10.pfb></Users/dmitriyiv
kov/Library/Application Support/MiKTeX/texmfs/install/fonts/type1/public/amsfon
ts/cm/cmmi10.pfb></Users/dmitriyivkov/Library/Application Support/MiKTeX/texmfs
/install/fonts/type1/public/amsfonts/cm/cmmi5.pfb></Users/dmitriyivkov/Library/
Application Support/MiKTeX/texmfs/install/fonts/type1/public/amsfonts/cm/cmmi7.
pfb></Users/dmitriyivkov/Library/Application Support/MiKTeX/texmfs/install/font
s/type1/public/amsfonts/cm/cmr10.pfb></Users/dmitriyivkov/Library/Application S
upport/MiKTeX/texmfs/install/fonts/type1/public/amsfonts/cm/cmr7.pfb></Users/dm
itriyivkov/Library/Application Support/MiKTeX/texmfs/install/fonts/type1/public
/amsfonts/cm/cmss10.pfb></Users/dmitriyivkov/Library/Application Support/MiKTeX
/texmfs/install/fonts/type1/public/amsfonts/cm/cmssbx10.pfb></Users/dmitriyivko
v/Library/Application Support/MiKTeX/texmfs/install/fonts/type1/public/amsfonts
/cm/cmssi10.pfb></Users/dmitriyivkov/Library/Application Support/MiKTeX/texmfs/
install/fonts/type1/public/amsfonts/cm/cmsy10.pfb></Users/dmitriyivkov/Library/
Application Support/MiKTeX/texmfs/install/fonts/type1/public/amsfonts/cm/cmsy7.
pfb></Users/dmitriyivkov/Library/Application Support/MiKTeX/texmfs/install/font
s/type1/public/amsfonts/cm/cmtt10.pfb></Users/dmitriyivkov/Library/Application 
Support/MiKTeX/texmfs/install/fonts/type1/public/amsfonts/symbols/msam10.pfb></
Users/dmitriyivkov/Library/Application Support/MiKTeX/texmfs/install/fonts/type
1/public/amsfonts/symbols/msbm10.pfb>
Output written on /Users/dmitriyivkov/IdeaProjects/tex/PS6/out/main.pdf (10 pag
es, 420059 bytes).
PDF statistics:
 152 PDF objects out of 1000 (max. 8388607)
 18 named destinations out of 1000 (max. 500000)
 18 words of extra memory for PDF output out of 10000 (max. 10000000)

